
Predictions were generated on 08-Sep-2020 at 15:27:37 using BeamDyn




Time	TipTDxr   	TipTDyr   	TipTDzr   
(s)	(m)	(m)	(m)
       0.000000	 0.000E+00	 0.000E+00	 0.000E+00
       0.002000	 5.417E-08	 5.362E-08	 0.000E+00
       0.004000	 2.150E-07	 2.123E-07	 0.000E+00
       0.006000	 4.783E-07	 4.704E-07	 0.000E+00
       0.008000	 8.394E-07	 8.217E-07	-7.105E-15
       0.010000	 1.295E-06	 1.261E-06	-2.132E-14
       0.012000	 1.842E-06	 1.784E-06	-4.974E-14
       0.014000	 2.480E-06	 2.387E-06	-9.948E-14
       0.016000	 3.211E-06	 3.072E-06	-1.847E-13
       0.018000	 4.036E-06	 3.837E-06	-3.055E-13
       0.020000	 4.961E-06	 4.684E-06	-4.903E-13
       0.022000	 5.987E-06	 5.614E-06	-7.461E-13
       0.024000	 7.119E-06	 6.626E-06	-1.094E-12
       0.026000	 8.358E-06	 7.718E-06	-1.563E-12
       0.028000	 9.705E-06	 8.887E-06	-2.160E-12
       0.030000	 1.116E-05	 1.013E-05	-2.920E-12
       0.032000	 1.272E-05	 1.144E-05	-3.865E-12
       0.034000	 1.438E-05	 1.281E-05	-5.016E-12
       0.036000	 1.614E-05	 1.423E-05	-6.402E-12
       0.038000	 1.800E-05	 1.570E-05	-8.043E-12
       0.040000	 1.995E-05	 1.721E-05	-9.955E-12
       0.042000	 2.200E-05	 1.875E-05	-1.216E-11
       0.044000	 2.413E-05	 2.033E-05	-1.466E-11
       0.046000	 2.634E-05	 2.194E-05	-1.748E-11
       0.048000	 2.865E-05	 2.358E-05	-2.063E-11
       0.050000	 3.103E-05	 2.524E-05	-2.412E-11
       0.052000	 3.349E-05	 2.692E-05	-2.796E-11
       0.054000	 3.603E-05	 2.862E-05	-3.217E-11
       0.056000	 3.864E-05	 3.034E-05	-3.674E-11
       0.058000	 4.131E-05	 3.206E-05	-4.168E-11
       0.060000	 4.405E-05	 3.380E-05	-4.700E-11
       0.062000	 4.684E-05	 3.555E-05	-5.269E-11
       0.064000	 4.968E-05	 3.730E-05	-5.875E-11
       0.066000	 5.257E-05	 3.907E-05	-6.516E-11
       0.068000	 5.550E-05	 4.084E-05	-7.191E-11
       0.070000	 5.847E-05	 4.262E-05	-7.901E-11
       0.072000	 6.147E-05	 4.442E-05	-8.642E-11
       0.074000	 6.450E-05	 4.623E-05	-9.414E-11
       0.076000	 6.756E-05	 4.807E-05	-1.022E-10
       0.078000	 7.064E-05	 4.993E-05	-1.105E-10
       0.080000	 7.374E-05	 5.183E-05	-1.192E-10
       0.082000	 7.686E-05	 5.375E-05	-1.281E-10
       0.084000	 8.000E-05	 5.572E-05	-1.374E-10
       0.086000	 8.315E-05	 5.773E-05	-1.469E-10
       0.088000	 8.632E-05	 5.979E-05	-1.568E-10
       0.090000	 8.950E-05	 6.190E-05	-1.669E-10
       0.092000	 9.270E-05	 6.407E-05	-1.775E-10
       0.094000	 9.591E-05	 6.630E-05	-1.883E-10
       0.096000	 9.913E-05	 6.860E-05	-1.995E-10
       0.098000	 1.024E-04	 7.097E-05	-2.111E-10
       0.100000	 1.056E-04	 7.341E-05	-2.230E-10
       0.102000	 1.089E-04	 7.593E-05	-2.354E-10
       0.104000	 1.122E-04	 7.852E-05	-2.483E-10
       0.106000	 1.155E-04	 8.120E-05	-2.616E-10
       0.108000	 1.188E-04	 8.396E-05	-2.755E-10
       0.110000	 1.222E-04	 8.680E-05	-2.900E-10
       0.112000	 1.256E-04	 8.973E-05	-3.050E-10
       0.114000	 1.290E-04	 9.274E-05	-3.208E-10
       0.116000	 1.325E-04	 9.583E-05	-3.372E-10
       0.118000	 1.360E-04	 9.900E-05	-3.544E-10
       0.120000	 1.395E-04	 1.022E-04	-3.723E-10
       0.122000	 1.431E-04	 1.056E-04	-3.911E-10
       0.124000	 1.467E-04	 1.090E-04	-4.108E-10
       0.126000	 1.504E-04	 1.124E-04	-4.314E-10
       0.128000	 1.541E-04	 1.160E-04	-4.529E-10
       0.130000	 1.579E-04	 1.196E-04	-4.754E-10
       0.132000	 1.617E-04	 1.232E-04	-4.990E-10
       0.134000	 1.656E-04	 1.270E-04	-5.236E-10
       0.136000	 1.695E-04	 1.307E-04	-5.493E-10
       0.138000	 1.735E-04	 1.346E-04	-5.761E-10
       0.140000	 1.775E-04	 1.384E-04	-6.040E-10
       0.142000	 1.816E-04	 1.423E-04	-6.332E-10
       0.144000	 1.858E-04	 1.463E-04	-6.635E-10
       0.146000	 1.900E-04	 1.503E-04	-6.951E-10
       0.148000	 1.943E-04	 1.543E-04	-7.279E-10
       0.150000	 1.987E-04	 1.584E-04	-7.619E-10
       0.152000	 2.031E-04	 1.624E-04	-7.972E-10
       0.154000	 2.075E-04	 1.665E-04	-8.338E-10
       0.156000	 2.120E-04	 1.706E-04	-8.717E-10
       0.158000	 2.166E-04	 1.747E-04	-9.109E-10
       0.160000	 2.213E-04	 1.789E-04	-9.514E-10
       0.162000	 2.260E-04	 1.830E-04	-9.933E-10
       0.164000	 2.308E-04	 1.871E-04	-1.037E-09
       0.166000	 2.356E-04	 1.913E-04	-1.081E-09
       0.168000	 2.405E-04	 1.954E-04	-1.127E-09
       0.170000	 2.455E-04	 1.995E-04	-1.174E-09
       0.172000	 2.505E-04	 2.037E-04	-1.223E-09
       0.174000	 2.556E-04	 2.078E-04	-1.274E-09
       0.176000	 2.608E-04	 2.119E-04	-1.325E-09
       0.178000	 2.661E-04	 2.160E-04	-1.379E-09
       0.180000	 2.714E-04	 2.200E-04	-1.433E-09
       0.182000	 2.768E-04	 2.241E-04	-1.490E-09
       0.184000	 2.823E-04	 2.281E-04	-1.548E-09
       0.186000	 2.879E-04	 2.321E-04	-1.607E-09
       0.188000	 2.935E-04	 2.361E-04	-1.669E-09
       0.190000	 2.992E-04	 2.401E-04	-1.732E-09
       0.192000	 3.051E-04	 2.440E-04	-1.797E-09
       0.194000	 3.110E-04	 2.479E-04	-1.864E-09
       0.196000	 3.170E-04	 2.518E-04	-1.933E-09
       0.198000	 3.231E-04	 2.557E-04	-2.004E-09
       0.200000	 3.292E-04	 2.596E-04	-2.077E-09
       0.202000	 3.355E-04	 2.635E-04	-2.153E-09
       0.204000	 3.419E-04	 2.673E-04	-2.230E-09
       0.206000	 3.484E-04	 2.712E-04	-2.310E-09
       0.208000	 3.550E-04	 2.750E-04	-2.393E-09
       0.210000	 3.617E-04	 2.788E-04	-2.478E-09
       0.212000	 3.684E-04	 2.827E-04	-2.567E-09
       0.214000	 3.753E-04	 2.865E-04	-2.657E-09
       0.216000	 3.823E-04	 2.904E-04	-2.751E-09
       0.218000	 3.894E-04	 2.942E-04	-2.848E-09
       0.220000	 3.966E-04	 2.981E-04	-2.948E-09
       0.222000	 4.038E-04	 3.020E-04	-3.051E-09
       0.224000	 4.112E-04	 3.059E-04	-3.157E-09
       0.226000	 4.187E-04	 3.098E-04	-3.267E-09
       0.228000	 4.262E-04	 3.138E-04	-3.380E-09
       0.230000	 4.338E-04	 3.177E-04	-3.496E-09
       0.232000	 4.416E-04	 3.217E-04	-3.616E-09
       0.234000	 4.493E-04	 3.258E-04	-3.739E-09
       0.236000	 4.572E-04	 3.298E-04	-3.866E-09
       0.238000	 4.652E-04	 3.339E-04	-3.997E-09
       0.240000	 4.732E-04	 3.380E-04	-4.131E-09
       0.242000	 4.812E-04	 3.421E-04	-4.269E-09
       0.244000	 4.894E-04	 3.463E-04	-4.410E-09
       0.246000	 4.975E-04	 3.504E-04	-4.555E-09
       0.248000	 5.058E-04	 3.546E-04	-4.703E-09
       0.250000	 5.140E-04	 3.588E-04	-4.855E-09
       0.252000	 5.224E-04	 3.630E-04	-5.010E-09
       0.254000	 5.307E-04	 3.673E-04	-5.168E-09
       0.256000	 5.391E-04	 3.715E-04	-5.330E-09
       0.258000	 5.475E-04	 3.758E-04	-5.495E-09
       0.260000	 5.560E-04	 3.800E-04	-5.663E-09
       0.262000	 5.645E-04	 3.842E-04	-5.834E-09
       0.264000	 5.729E-04	 3.885E-04	-6.008E-09
       0.266000	 5.814E-04	 3.927E-04	-6.184E-09
       0.268000	 5.900E-04	 3.969E-04	-6.364E-09
       0.270000	 5.985E-04	 4.010E-04	-6.546E-09
       0.272000	 6.070E-04	 4.052E-04	-6.730E-09
       0.274000	 6.156E-04	 4.093E-04	-6.917E-09
       0.276000	 6.241E-04	 4.134E-04	-7.106E-09
       0.278000	 6.327E-04	 4.174E-04	-7.298E-09
       0.280000	 6.412E-04	 4.214E-04	-7.491E-09
       0.282000	 6.498E-04	 4.254E-04	-7.687E-09
       0.284000	 6.583E-04	 4.293E-04	-7.885E-09
       0.286000	 6.668E-04	 4.332E-04	-8.084E-09
       0.288000	 6.754E-04	 4.370E-04	-8.285E-09
       0.290000	 6.839E-04	 4.408E-04	-8.488E-09
       0.292000	 6.924E-04	 4.445E-04	-8.693E-09
       0.294000	 7.009E-04	 4.482E-04	-8.899E-09
       0.296000	 7.094E-04	 4.518E-04	-9.107E-09
       0.298000	 7.179E-04	 4.554E-04	-9.316E-09
       0.300000	 7.264E-04	 4.589E-04	-9.527E-09
       0.302000	 7.349E-04	 4.623E-04	-9.739E-09
       0.304000	 7.433E-04	 4.657E-04	-9.952E-09
       0.306000	 7.518E-04	 4.690E-04	-1.017E-08
       0.308000	 7.602E-04	 4.723E-04	-1.038E-08
       0.310000	 7.686E-04	 4.755E-04	-1.060E-08
       0.312000	 7.770E-04	 4.787E-04	-1.082E-08
       0.314000	 7.853E-04	 4.818E-04	-1.104E-08
       0.316000	 7.937E-04	 4.849E-04	-1.126E-08
       0.318000	 8.020E-04	 4.879E-04	-1.148E-08
       0.320000	 8.103E-04	 4.909E-04	-1.170E-08
       0.322000	 8.186E-04	 4.938E-04	-1.192E-08
       0.324000	 8.269E-04	 4.967E-04	-1.215E-08
       0.326000	 8.351E-04	 4.995E-04	-1.237E-08
       0.328000	 8.434E-04	 5.023E-04	-1.260E-08
       0.330000	 8.516E-04	 5.050E-04	-1.283E-08
       0.332000	 8.598E-04	 5.077E-04	-1.306E-08
       0.334000	 8.679E-04	 5.104E-04	-1.328E-08
       0.336000	 8.760E-04	 5.130E-04	-1.351E-08
       0.338000	 8.841E-04	 5.156E-04	-1.375E-08
       0.340000	 8.922E-04	 5.182E-04	-1.398E-08
       0.342000	 9.003E-04	 5.207E-04	-1.421E-08
       0.344000	 9.083E-04	 5.232E-04	-1.445E-08
       0.346000	 9.164E-04	 5.257E-04	-1.468E-08
       0.348000	 9.244E-04	 5.282E-04	-1.492E-08
       0.350000	 9.324E-04	 5.306E-04	-1.515E-08
       0.352000	 9.403E-04	 5.330E-04	-1.539E-08
       0.354000	 9.483E-04	 5.354E-04	-1.563E-08
       0.356000	 9.562E-04	 5.378E-04	-1.588E-08
       0.358000	 9.641E-04	 5.401E-04	-1.612E-08
       0.360000	 9.721E-04	 5.424E-04	-1.636E-08
       0.362000	 9.800E-04	 5.447E-04	-1.661E-08
       0.364000	 9.879E-04	 5.470E-04	-1.686E-08
       0.366000	 9.958E-04	 5.492E-04	-1.710E-08
       0.368000	 1.004E-03	 5.514E-04	-1.736E-08
       0.370000	 1.012E-03	 5.536E-04	-1.761E-08
       0.372000	 1.020E-03	 5.557E-04	-1.786E-08
       0.374000	 1.027E-03	 5.578E-04	-1.812E-08
       0.376000	 1.035E-03	 5.599E-04	-1.838E-08
       0.378000	 1.043E-03	 5.619E-04	-1.864E-08
       0.380000	 1.051E-03	 5.639E-04	-1.890E-08
       0.382000	 1.059E-03	 5.658E-04	-1.916E-08
       0.384000	 1.067E-03	 5.677E-04	-1.943E-08
       0.386000	 1.075E-03	 5.695E-04	-1.970E-08
       0.388000	 1.083E-03	 5.713E-04	-1.997E-08
       0.390000	 1.091E-03	 5.730E-04	-2.024E-08
       0.392000	 1.099E-03	 5.746E-04	-2.051E-08
       0.394000	 1.107E-03	 5.761E-04	-2.078E-08
       0.396000	 1.115E-03	 5.776E-04	-2.106E-08
       0.398000	 1.123E-03	 5.790E-04	-2.134E-08
       0.400000	 1.131E-03	 5.803E-04	-2.162E-08
       0.402000	 1.139E-03	 5.816E-04	-2.190E-08
       0.404000	 1.147E-03	 5.827E-04	-2.219E-08
       0.406000	 1.155E-03	 5.838E-04	-2.247E-08
       0.408000	 1.164E-03	 5.848E-04	-2.276E-08
       0.410000	 1.172E-03	 5.857E-04	-2.304E-08
       0.412000	 1.180E-03	 5.865E-04	-2.333E-08
       0.414000	 1.188E-03	 5.872E-04	-2.362E-08
       0.416000	 1.196E-03	 5.878E-04	-2.391E-08
       0.418000	 1.204E-03	 5.883E-04	-2.420E-08
       0.420000	 1.212E-03	 5.888E-04	-2.450E-08
       0.422000	 1.220E-03	 5.891E-04	-2.479E-08
       0.424000	 1.228E-03	 5.894E-04	-2.508E-08
       0.426000	 1.236E-03	 5.896E-04	-2.538E-08
       0.428000	 1.244E-03	 5.897E-04	-2.567E-08
       0.430000	 1.252E-03	 5.897E-04	-2.597E-08
       0.432000	 1.260E-03	 5.896E-04	-2.626E-08
       0.434000	 1.268E-03	 5.894E-04	-2.656E-08
       0.436000	 1.276E-03	 5.892E-04	-2.685E-08
       0.438000	 1.284E-03	 5.889E-04	-2.715E-08
       0.440000	 1.292E-03	 5.885E-04	-2.744E-08
       0.442000	 1.300E-03	 5.880E-04	-2.774E-08
       0.444000	 1.308E-03	 5.875E-04	-2.803E-08
       0.446000	 1.316E-03	 5.869E-04	-2.833E-08
       0.448000	 1.323E-03	 5.863E-04	-2.862E-08
       0.450000	 1.331E-03	 5.856E-04	-2.892E-08
       0.452000	 1.339E-03	 5.848E-04	-2.921E-08
       0.454000	 1.347E-03	 5.840E-04	-2.951E-08
       0.456000	 1.354E-03	 5.831E-04	-2.980E-08
       0.458000	 1.362E-03	 5.821E-04	-3.009E-08
       0.460000	 1.369E-03	 5.812E-04	-3.038E-08
       0.462000	 1.377E-03	 5.801E-04	-3.067E-08
       0.464000	 1.384E-03	 5.790E-04	-3.096E-08
       0.466000	 1.391E-03	 5.779E-04	-3.124E-08
       0.468000	 1.399E-03	 5.768E-04	-3.153E-08
       0.470000	 1.406E-03	 5.755E-04	-3.181E-08
       0.472000	 1.413E-03	 5.743E-04	-3.210E-08
       0.474000	 1.420E-03	 5.730E-04	-3.238E-08
       0.476000	 1.427E-03	 5.717E-04	-3.266E-08
       0.478000	 1.434E-03	 5.703E-04	-3.293E-08
       0.480000	 1.441E-03	 5.689E-04	-3.321E-08
       0.482000	 1.448E-03	 5.675E-04	-3.348E-08
       0.484000	 1.455E-03	 5.660E-04	-3.375E-08
       0.486000	 1.461E-03	 5.645E-04	-3.401E-08
       0.488000	 1.468E-03	 5.629E-04	-3.428E-08
       0.490000	 1.474E-03	 5.613E-04	-3.454E-08
       0.492000	 1.481E-03	 5.597E-04	-3.479E-08
       0.494000	 1.487E-03	 5.580E-04	-3.504E-08
       0.496000	 1.493E-03	 5.563E-04	-3.529E-08
       0.498000	 1.500E-03	 5.545E-04	-3.554E-08
       0.500000	 1.506E-03	 5.527E-04	-3.578E-08
       0.502000	 1.512E-03	 5.508E-04	-3.601E-08
       0.504000	 1.518E-03	 5.489E-04	-3.624E-08
       0.506000	 1.523E-03	 5.469E-04	-3.647E-08
       0.508000	 1.529E-03	 5.449E-04	-3.669E-08
       0.510000	 1.535E-03	 5.428E-04	-3.691E-08
       0.512000	 1.540E-03	 5.407E-04	-3.712E-08
       0.514000	 1.546E-03	 5.385E-04	-3.733E-08
       0.516000	 1.551E-03	 5.363E-04	-3.753E-08
       0.518000	 1.556E-03	 5.340E-04	-3.772E-08
       0.520000	 1.561E-03	 5.316E-04	-3.791E-08
       0.522000	 1.566E-03	 5.292E-04	-3.810E-08
       0.524000	 1.571E-03	 5.266E-04	-3.828E-08
       0.526000	 1.576E-03	 5.241E-04	-3.845E-08
       0.528000	 1.580E-03	 5.214E-04	-3.862E-08
       0.530000	 1.585E-03	 5.187E-04	-3.878E-08
       0.532000	 1.590E-03	 5.159E-04	-3.894E-08
       0.534000	 1.594E-03	 5.131E-04	-3.909E-08
       0.536000	 1.598E-03	 5.102E-04	-3.924E-08
       0.538000	 1.602E-03	 5.072E-04	-3.938E-08
       0.540000	 1.607E-03	 5.041E-04	-3.951E-08
       0.542000	 1.611E-03	 5.010E-04	-3.965E-08
       0.544000	 1.614E-03	 4.978E-04	-3.977E-08
       0.546000	 1.618E-03	 4.945E-04	-3.989E-08
       0.548000	 1.622E-03	 4.912E-04	-4.001E-08
       0.550000	 1.626E-03	 4.878E-04	-4.013E-08
       0.552000	 1.629E-03	 4.843E-04	-4.023E-08
       0.554000	 1.633E-03	 4.808E-04	-4.034E-08
       0.556000	 1.636E-03	 4.772E-04	-4.044E-08
       0.558000	 1.640E-03	 4.736E-04	-4.054E-08
       0.560000	 1.643E-03	 4.699E-04	-4.063E-08
       0.562000	 1.646E-03	 4.662E-04	-4.072E-08
       0.564000	 1.649E-03	 4.624E-04	-4.081E-08
       0.566000	 1.653E-03	 4.586E-04	-4.090E-08
       0.568000	 1.656E-03	 4.547E-04	-4.098E-08
       0.570000	 1.659E-03	 4.508E-04	-4.106E-08
       0.572000	 1.662E-03	 4.468E-04	-4.114E-08
       0.574000	 1.665E-03	 4.429E-04	-4.122E-08
       0.576000	 1.667E-03	 4.389E-04	-4.129E-08
       0.578000	 1.670E-03	 4.348E-04	-4.136E-08
       0.580000	 1.673E-03	 4.308E-04	-4.144E-08
       0.582000	 1.676E-03	 4.267E-04	-4.151E-08
       0.584000	 1.678E-03	 4.225E-04	-4.157E-08
       0.586000	 1.681E-03	 4.184E-04	-4.164E-08
       0.588000	 1.684E-03	 4.142E-04	-4.171E-08
       0.590000	 1.686E-03	 4.101E-04	-4.177E-08
       0.592000	 1.689E-03	 4.059E-04	-4.183E-08
       0.594000	 1.691E-03	 4.016E-04	-4.190E-08
       0.596000	 1.694E-03	 3.974E-04	-4.196E-08
       0.598000	 1.696E-03	 3.931E-04	-4.202E-08
       0.600000	 1.699E-03	 3.889E-04	-4.208E-08
       0.602000	 1.701E-03	 3.846E-04	-4.214E-08
       0.604000	 1.703E-03	 3.803E-04	-4.219E-08
       0.606000	 1.705E-03	 3.760E-04	-4.225E-08
       0.608000	 1.708E-03	 3.716E-04	-4.231E-08
       0.610000	 1.710E-03	 3.673E-04	-4.236E-08
       0.612000	 1.712E-03	 3.629E-04	-4.242E-08
       0.614000	 1.714E-03	 3.585E-04	-4.247E-08
       0.616000	 1.716E-03	 3.541E-04	-4.252E-08
       0.618000	 1.718E-03	 3.497E-04	-4.258E-08
       0.620000	 1.720E-03	 3.453E-04	-4.263E-08
       0.622000	 1.722E-03	 3.408E-04	-4.268E-08
       0.624000	 1.724E-03	 3.363E-04	-4.273E-08
       0.626000	 1.726E-03	 3.318E-04	-4.278E-08
       0.628000	 1.728E-03	 3.272E-04	-4.283E-08
       0.630000	 1.730E-03	 3.226E-04	-4.288E-08
       0.632000	 1.732E-03	 3.180E-04	-4.292E-08
       0.634000	 1.734E-03	 3.134E-04	-4.297E-08
       0.636000	 1.735E-03	 3.088E-04	-4.301E-08
       0.638000	 1.737E-03	 3.041E-04	-4.306E-08
       0.640000	 1.739E-03	 2.994E-04	-4.310E-08
       0.642000	 1.740E-03	 2.946E-04	-4.314E-08
       0.644000	 1.742E-03	 2.898E-04	-4.318E-08
       0.646000	 1.744E-03	 2.850E-04	-4.322E-08
       0.648000	 1.745E-03	 2.802E-04	-4.326E-08
       0.650000	 1.747E-03	 2.753E-04	-4.330E-08
       0.652000	 1.748E-03	 2.704E-04	-4.333E-08
       0.654000	 1.749E-03	 2.655E-04	-4.337E-08
       0.656000	 1.751E-03	 2.605E-04	-4.340E-08
       0.658000	 1.752E-03	 2.555E-04	-4.343E-08
       0.660000	 1.753E-03	 2.505E-04	-4.346E-08
       0.662000	 1.754E-03	 2.455E-04	-4.348E-08
       0.664000	 1.755E-03	 2.404E-04	-4.351E-08
       0.666000	 1.756E-03	 2.353E-04	-4.353E-08
       0.668000	 1.757E-03	 2.302E-04	-4.355E-08
       0.670000	 1.758E-03	 2.251E-04	-4.356E-08
       0.672000	 1.759E-03	 2.200E-04	-4.358E-08
       0.674000	 1.760E-03	 2.148E-04	-4.359E-08
       0.676000	 1.761E-03	 2.097E-04	-4.360E-08
       0.678000	 1.761E-03	 2.045E-04	-4.360E-08
       0.680000	 1.762E-03	 1.993E-04	-4.361E-08
       0.682000	 1.762E-03	 1.941E-04	-4.361E-08
       0.684000	 1.763E-03	 1.890E-04	-4.360E-08
       0.686000	 1.763E-03	 1.838E-04	-4.360E-08
       0.688000	 1.764E-03	 1.786E-04	-4.359E-08
       0.690000	 1.764E-03	 1.735E-04	-4.357E-08
       0.692000	 1.764E-03	 1.683E-04	-4.355E-08
       0.694000	 1.764E-03	 1.632E-04	-4.353E-08
       0.696000	 1.764E-03	 1.581E-04	-4.351E-08
       0.698000	 1.764E-03	 1.530E-04	-4.348E-08
       0.700000	 1.763E-03	 1.480E-04	-4.345E-08
       0.702000	 1.763E-03	 1.429E-04	-4.341E-08
       0.704000	 1.763E-03	 1.379E-04	-4.337E-08
       0.706000	 1.762E-03	 1.329E-04	-4.333E-08
       0.708000	 1.762E-03	 1.280E-04	-4.328E-08
       0.710000	 1.761E-03	 1.231E-04	-4.323E-08
       0.712000	 1.760E-03	 1.182E-04	-4.318E-08
       0.714000	 1.760E-03	 1.133E-04	-4.312E-08
       0.716000	 1.759E-03	 1.085E-04	-4.306E-08
       0.718000	 1.758E-03	 1.038E-04	-4.299E-08
       0.720000	 1.757E-03	 9.903E-05	-4.292E-08
       0.722000	 1.756E-03	 9.434E-05	-4.285E-08
       0.724000	 1.754E-03	 8.968E-05	-4.277E-08
       0.726000	 1.753E-03	 8.506E-05	-4.269E-08
       0.728000	 1.752E-03	 8.047E-05	-4.261E-08
       0.730000	 1.750E-03	 7.593E-05	-4.253E-08
       0.732000	 1.749E-03	 7.142E-05	-4.244E-08
       0.734000	 1.747E-03	 6.695E-05	-4.234E-08
       0.736000	 1.746E-03	 6.251E-05	-4.225E-08
       0.738000	 1.744E-03	 5.811E-05	-4.215E-08
       0.740000	 1.742E-03	 5.374E-05	-4.205E-08
       0.742000	 1.740E-03	 4.941E-05	-4.195E-08
       0.744000	 1.738E-03	 4.511E-05	-4.184E-08
       0.746000	 1.736E-03	 4.084E-05	-4.173E-08
       0.748000	 1.734E-03	 3.660E-05	-4.162E-08
       0.750000	 1.732E-03	 3.239E-05	-4.151E-08
       0.752000	 1.730E-03	 2.821E-05	-4.139E-08
       0.754000	 1.728E-03	 2.406E-05	-4.127E-08
       0.756000	 1.725E-03	 1.994E-05	-4.115E-08
       0.758000	 1.723E-03	 1.584E-05	-4.103E-08
       0.760000	 1.721E-03	 1.177E-05	-4.091E-08
       0.762000	 1.718E-03	 7.731E-06	-4.078E-08
       0.764000	 1.716E-03	 3.715E-06	-4.066E-08
       0.766000	 1.713E-03	-2.741E-07	-4.053E-08
       0.768000	 1.711E-03	-4.237E-06	-4.040E-08
       0.770000	 1.708E-03	-8.174E-06	-4.027E-08
       0.772000	 1.705E-03	-1.208E-05	-4.014E-08
       0.774000	 1.703E-03	-1.597E-05	-4.000E-08
       0.776000	 1.700E-03	-1.982E-05	-3.987E-08
       0.778000	 1.697E-03	-2.365E-05	-3.974E-08
       0.780000	 1.694E-03	-2.744E-05	-3.960E-08
       0.782000	 1.691E-03	-3.121E-05	-3.946E-08
       0.784000	 1.688E-03	-3.494E-05	-3.933E-08
       0.786000	 1.685E-03	-3.864E-05	-3.919E-08
       0.788000	 1.683E-03	-4.231E-05	-3.906E-08
       0.790000	 1.680E-03	-4.594E-05	-3.892E-08
       0.792000	 1.677E-03	-4.953E-05	-3.878E-08
       0.794000	 1.673E-03	-5.308E-05	-3.864E-08
       0.796000	 1.670E-03	-5.659E-05	-3.851E-08
       0.798000	 1.667E-03	-6.006E-05	-3.837E-08
       0.800000	 1.664E-03	-6.348E-05	-3.823E-08
       0.802000	 1.661E-03	-6.685E-05	-3.810E-08
       0.804000	 1.658E-03	-7.018E-05	-3.796E-08
       0.806000	 1.655E-03	-7.345E-05	-3.783E-08
       0.808000	 1.652E-03	-7.667E-05	-3.769E-08
       0.810000	 1.649E-03	-7.983E-05	-3.756E-08
       0.812000	 1.645E-03	-8.294E-05	-3.742E-08
       0.814000	 1.642E-03	-8.599E-05	-3.729E-08
       0.816000	 1.639E-03	-8.897E-05	-3.715E-08
       0.818000	 1.636E-03	-9.190E-05	-3.702E-08
       0.820000	 1.632E-03	-9.476E-05	-3.689E-08
       0.822000	 1.629E-03	-9.755E-05	-3.676E-08
       0.824000	 1.626E-03	-1.003E-04	-3.663E-08
       0.826000	 1.623E-03	-1.029E-04	-3.649E-08
       0.828000	 1.619E-03	-1.055E-04	-3.636E-08
       0.830000	 1.616E-03	-1.080E-04	-3.623E-08
       0.832000	 1.613E-03	-1.105E-04	-3.610E-08
       0.834000	 1.609E-03	-1.128E-04	-3.597E-08
       0.836000	 1.606E-03	-1.151E-04	-3.584E-08
       0.838000	 1.603E-03	-1.174E-04	-3.571E-08
       0.840000	 1.599E-03	-1.195E-04	-3.558E-08
       0.842000	 1.596E-03	-1.216E-04	-3.545E-08
       0.844000	 1.593E-03	-1.236E-04	-3.532E-08
       0.846000	 1.589E-03	-1.255E-04	-3.519E-08
       0.848000	 1.586E-03	-1.274E-04	-3.506E-08
       0.850000	 1.582E-03	-1.291E-04	-3.493E-08
       0.852000	 1.579E-03	-1.309E-04	-3.480E-08
       0.854000	 1.575E-03	-1.325E-04	-3.466E-08
       0.856000	 1.572E-03	-1.341E-04	-3.453E-08
       0.858000	 1.568E-03	-1.355E-04	-3.439E-08
       0.860000	 1.564E-03	-1.370E-04	-3.426E-08
       0.862000	 1.561E-03	-1.383E-04	-3.412E-08
       0.864000	 1.557E-03	-1.396E-04	-3.398E-08
       0.866000	 1.553E-03	-1.408E-04	-3.384E-08
       0.868000	 1.550E-03	-1.420E-04	-3.369E-08
       0.870000	 1.546E-03	-1.431E-04	-3.355E-08
       0.872000	 1.542E-03	-1.441E-04	-3.340E-08
       0.874000	 1.538E-03	-1.451E-04	-3.325E-08
       0.876000	 1.534E-03	-1.460E-04	-3.310E-08
       0.878000	 1.530E-03	-1.468E-04	-3.295E-08
       0.880000	 1.526E-03	-1.476E-04	-3.280E-08
       0.882000	 1.522E-03	-1.483E-04	-3.264E-08
       0.884000	 1.517E-03	-1.490E-04	-3.248E-08
       0.886000	 1.513E-03	-1.496E-04	-3.232E-08
       0.888000	 1.509E-03	-1.501E-04	-3.215E-08
       0.890000	 1.505E-03	-1.506E-04	-3.198E-08
       0.892000	 1.500E-03	-1.511E-04	-3.181E-08
       0.894000	 1.496E-03	-1.514E-04	-3.164E-08
       0.896000	 1.491E-03	-1.517E-04	-3.147E-08
       0.898000	 1.486E-03	-1.520E-04	-3.129E-08
       0.900000	 1.482E-03	-1.522E-04	-3.111E-08
       0.902000	 1.477E-03	-1.523E-04	-3.092E-08
       0.904000	 1.472E-03	-1.524E-04	-3.074E-08
       0.906000	 1.467E-03	-1.524E-04	-3.055E-08
       0.908000	 1.462E-03	-1.523E-04	-3.035E-08
       0.910000	 1.457E-03	-1.522E-04	-3.016E-08
       0.912000	 1.452E-03	-1.520E-04	-2.996E-08
       0.914000	 1.447E-03	-1.518E-04	-2.976E-08
       0.916000	 1.442E-03	-1.514E-04	-2.956E-08
       0.918000	 1.437E-03	-1.511E-04	-2.935E-08
       0.920000	 1.432E-03	-1.506E-04	-2.914E-08
       0.922000	 1.426E-03	-1.501E-04	-2.893E-08
       0.924000	 1.421E-03	-1.495E-04	-2.871E-08
       0.926000	 1.415E-03	-1.488E-04	-2.850E-08
       0.928000	 1.410E-03	-1.480E-04	-2.828E-08
       0.930000	 1.404E-03	-1.472E-04	-2.806E-08
       0.932000	 1.398E-03	-1.463E-04	-2.783E-08
       0.934000	 1.393E-03	-1.453E-04	-2.761E-08
       0.936000	 1.387E-03	-1.443E-04	-2.738E-08
       0.938000	 1.381E-03	-1.431E-04	-2.715E-08
       0.940000	 1.375E-03	-1.419E-04	-2.691E-08
       0.942000	 1.369E-03	-1.406E-04	-2.668E-08
       0.944000	 1.363E-03	-1.393E-04	-2.644E-08
       0.946000	 1.357E-03	-1.378E-04	-2.620E-08
       0.948000	 1.351E-03	-1.363E-04	-2.596E-08
       0.950000	 1.344E-03	-1.346E-04	-2.572E-08
       0.952000	 1.338E-03	-1.329E-04	-2.548E-08
       0.954000	 1.332E-03	-1.312E-04	-2.523E-08
       0.956000	 1.326E-03	-1.293E-04	-2.499E-08
       0.958000	 1.319E-03	-1.274E-04	-2.474E-08
       0.960000	 1.313E-03	-1.253E-04	-2.450E-08
       0.962000	 1.306E-03	-1.232E-04	-2.425E-08
       0.964000	 1.300E-03	-1.211E-04	-2.400E-08
       0.966000	 1.293E-03	-1.188E-04	-2.375E-08
       0.968000	 1.287E-03	-1.165E-04	-2.350E-08
       0.970000	 1.280E-03	-1.141E-04	-2.325E-08
       0.972000	 1.273E-03	-1.116E-04	-2.300E-08
       0.974000	 1.267E-03	-1.091E-04	-2.276E-08
       0.976000	 1.260E-03	-1.064E-04	-2.251E-08
       0.978000	 1.253E-03	-1.038E-04	-2.226E-08
       0.980000	 1.247E-03	-1.010E-04	-2.201E-08
       0.982000	 1.240E-03	-9.819E-05	-2.176E-08
       0.984000	 1.233E-03	-9.531E-05	-2.152E-08
       0.986000	 1.226E-03	-9.237E-05	-2.127E-08
       0.988000	 1.220E-03	-8.937E-05	-2.103E-08
       0.990000	 1.213E-03	-8.632E-05	-2.079E-08
       0.992000	 1.206E-03	-8.321E-05	-2.054E-08
       0.994000	 1.199E-03	-8.004E-05	-2.030E-08
       0.996000	 1.192E-03	-7.682E-05	-2.006E-08
       0.998000	 1.186E-03	-7.355E-05	-1.983E-08
       1.000000	 1.179E-03	-7.023E-05	-1.959E-08
       1.002000	 1.172E-03	-6.686E-05	-1.936E-08
       1.004000	 1.165E-03	-6.344E-05	-1.912E-08
       1.006000	 1.158E-03	-5.998E-05	-1.889E-08
       1.008000	 1.152E-03	-5.647E-05	-1.866E-08
       1.010000	 1.145E-03	-5.292E-05	-1.844E-08
       1.012000	 1.138E-03	-4.932E-05	-1.821E-08
       1.014000	 1.131E-03	-4.568E-05	-1.799E-08
       1.016000	 1.125E-03	-4.199E-05	-1.777E-08
       1.018000	 1.118E-03	-3.826E-05	-1.755E-08
       1.020000	 1.111E-03	-3.450E-05	-1.733E-08
       1.022000	 1.104E-03	-3.068E-05	-1.711E-08
       1.024000	 1.098E-03	-2.683E-05	-1.690E-08
       1.026000	 1.091E-03	-2.293E-05	-1.669E-08
       1.028000	 1.084E-03	-1.900E-05	-1.648E-08
       1.030000	 1.077E-03	-1.501E-05	-1.627E-08
       1.032000	 1.071E-03	-1.099E-05	-1.607E-08
       1.034000	 1.064E-03	-6.924E-06	-1.586E-08
       1.036000	 1.057E-03	-2.813E-06	-1.566E-08
       1.038000	 1.051E-03	 1.341E-06	-1.546E-08
       1.040000	 1.044E-03	 5.540E-06	-1.527E-08
       1.042000	 1.037E-03	 9.785E-06	-1.507E-08
       1.044000	 1.031E-03	 1.407E-05	-1.488E-08
       1.046000	 1.024E-03	 1.841E-05	-1.469E-08
       1.048000	 1.018E-03	 2.279E-05	-1.450E-08
       1.050000	 1.011E-03	 2.722E-05	-1.431E-08
       1.052000	 1.004E-03	 3.170E-05	-1.413E-08
       1.054000	 9.978E-04	 3.622E-05	-1.395E-08
       1.056000	 9.912E-04	 4.079E-05	-1.376E-08
       1.058000	 9.846E-04	 4.541E-05	-1.359E-08
       1.060000	 9.781E-04	 5.007E-05	-1.341E-08
       1.062000	 9.715E-04	 5.478E-05	-1.323E-08
       1.064000	 9.649E-04	 5.954E-05	-1.306E-08
       1.066000	 9.584E-04	 6.435E-05	-1.289E-08
       1.068000	 9.518E-04	 6.921E-05	-1.272E-08
       1.070000	 9.452E-04	 7.411E-05	-1.255E-08
       1.072000	 9.387E-04	 7.905E-05	-1.238E-08
       1.074000	 9.321E-04	 8.404E-05	-1.222E-08
       1.076000	 9.256E-04	 8.908E-05	-1.206E-08
       1.078000	 9.190E-04	 9.416E-05	-1.190E-08
       1.080000	 9.124E-04	 9.928E-05	-1.174E-08
       1.082000	 9.059E-04	 1.044E-04	-1.158E-08
       1.084000	 8.993E-04	 1.096E-04	-1.142E-08
       1.086000	 8.927E-04	 1.149E-04	-1.127E-08
       1.088000	 8.861E-04	 1.201E-04	-1.112E-08
       1.090000	 8.795E-04	 1.255E-04	-1.097E-08
       1.092000	 8.729E-04	 1.308E-04	-1.082E-08
       1.094000	 8.663E-04	 1.362E-04	-1.067E-08
       1.096000	 8.597E-04	 1.416E-04	-1.052E-08
       1.098000	 8.530E-04	 1.470E-04	-1.038E-08
       1.100000	 8.464E-04	 1.525E-04	-1.024E-08
       1.102000	 8.397E-04	 1.580E-04	-1.009E-08
       1.104000	 8.331E-04	 1.635E-04	-9.955E-09
       1.106000	 8.264E-04	 1.690E-04	-9.817E-09
       1.108000	 8.197E-04	 1.745E-04	-9.680E-09
       1.110000	 8.130E-04	 1.801E-04	-9.545E-09
       1.112000	 8.063E-04	 1.857E-04	-9.412E-09
       1.114000	 7.996E-04	 1.913E-04	-9.280E-09
       1.116000	 7.928E-04	 1.969E-04	-9.149E-09
       1.118000	 7.861E-04	 2.025E-04	-9.020E-09
       1.120000	 7.793E-04	 2.081E-04	-8.893E-09
       1.122000	 7.726E-04	 2.138E-04	-8.768E-09
       1.124000	 7.658E-04	 2.194E-04	-8.644E-09
       1.126000	 7.590E-04	 2.250E-04	-8.521E-09
       1.128000	 7.522E-04	 2.307E-04	-8.401E-09
       1.130000	 7.454E-04	 2.363E-04	-8.282E-09
       1.132000	 7.385E-04	 2.420E-04	-8.165E-09
       1.134000	 7.317E-04	 2.476E-04	-8.049E-09
       1.136000	 7.249E-04	 2.533E-04	-7.936E-09
       1.138000	 7.180E-04	 2.589E-04	-7.824E-09
       1.140000	 7.112E-04	 2.645E-04	-7.714E-09
       1.142000	 7.044E-04	 2.702E-04	-7.607E-09
       1.144000	 6.975E-04	 2.758E-04	-7.501E-09
       1.146000	 6.907E-04	 2.814E-04	-7.397E-09
       1.148000	 6.839E-04	 2.871E-04	-7.295E-09
       1.150000	 6.770E-04	 2.927E-04	-7.195E-09
       1.152000	 6.702E-04	 2.983E-04	-7.098E-09
       1.154000	 6.634E-04	 3.039E-04	-7.003E-09
       1.156000	 6.566E-04	 3.095E-04	-6.910E-09
       1.158000	 6.498E-04	 3.151E-04	-6.819E-09
       1.160000	 6.430E-04	 3.206E-04	-6.730E-09
       1.162000	 6.363E-04	 3.262E-04	-6.644E-09
       1.164000	 6.296E-04	 3.318E-04	-6.561E-09
       1.166000	 6.229E-04	 3.373E-04	-6.479E-09
       1.168000	 6.162E-04	 3.429E-04	-6.401E-09
       1.170000	 6.095E-04	 3.484E-04	-6.324E-09
       1.172000	 6.029E-04	 3.540E-04	-6.251E-09
       1.174000	 5.963E-04	 3.595E-04	-6.180E-09
       1.176000	 5.898E-04	 3.650E-04	-6.111E-09
       1.178000	 5.832E-04	 3.705E-04	-6.045E-09
       1.180000	 5.767E-04	 3.760E-04	-5.982E-09
       1.182000	 5.703E-04	 3.815E-04	-5.921E-09
       1.184000	 5.639E-04	 3.869E-04	-5.863E-09
       1.186000	 5.575E-04	 3.924E-04	-5.807E-09
       1.188000	 5.512E-04	 3.978E-04	-5.754E-09
       1.190000	 5.450E-04	 4.033E-04	-5.704E-09
       1.192000	 5.388E-04	 4.087E-04	-5.656E-09
       1.194000	 5.326E-04	 4.141E-04	-5.611E-09
       1.196000	 5.265E-04	 4.194E-04	-5.568E-09
       1.198000	 5.204E-04	 4.248E-04	-5.528E-09
       1.200000	 5.144E-04	 4.301E-04	-5.491E-09
       1.202000	 5.085E-04	 4.355E-04	-5.456E-09
       1.204000	 5.026E-04	 4.408E-04	-5.423E-09
       1.206000	 4.967E-04	 4.460E-04	-5.392E-09
       1.208000	 4.910E-04	 4.513E-04	-5.364E-09
       1.210000	 4.853E-04	 4.565E-04	-5.339E-09
       1.212000	 4.796E-04	 4.617E-04	-5.315E-09
       1.214000	 4.740E-04	 4.668E-04	-5.294E-09
       1.216000	 4.685E-04	 4.720E-04	-5.274E-09
       1.218000	 4.631E-04	 4.771E-04	-5.257E-09
       1.220000	 4.577E-04	 4.821E-04	-5.242E-09
       1.222000	 4.523E-04	 4.871E-04	-5.229E-09
       1.224000	 4.471E-04	 4.921E-04	-5.218E-09
       1.226000	 4.419E-04	 4.971E-04	-5.208E-09
       1.228000	 4.368E-04	 5.020E-04	-5.200E-09
       1.230000	 4.317E-04	 5.068E-04	-5.194E-09
       1.232000	 4.267E-04	 5.116E-04	-5.190E-09
       1.234000	 4.218E-04	 5.164E-04	-5.187E-09
       1.236000	 4.169E-04	 5.211E-04	-5.185E-09
       1.238000	 4.121E-04	 5.258E-04	-5.185E-09
       1.240000	 4.074E-04	 5.304E-04	-5.187E-09
       1.242000	 4.027E-04	 5.349E-04	-5.189E-09
       1.244000	 3.981E-04	 5.394E-04	-5.193E-09
       1.246000	 3.935E-04	 5.439E-04	-5.198E-09
       1.248000	 3.891E-04	 5.483E-04	-5.204E-09
       1.250000	 3.846E-04	 5.526E-04	-5.211E-09
       1.252000	 3.803E-04	 5.569E-04	-5.219E-09
       1.254000	 3.760E-04	 5.611E-04	-5.228E-09
       1.256000	 3.718E-04	 5.653E-04	-5.238E-09
       1.258000	 3.676E-04	 5.694E-04	-5.249E-09
       1.260000	 3.635E-04	 5.735E-04	-5.260E-09
       1.262000	 3.594E-04	 5.775E-04	-5.272E-09
       1.264000	 3.554E-04	 5.814E-04	-5.285E-09
       1.266000	 3.515E-04	 5.853E-04	-5.298E-09
       1.268000	 3.476E-04	 5.891E-04	-5.312E-09
       1.270000	 3.437E-04	 5.929E-04	-5.327E-09
       1.272000	 3.399E-04	 5.966E-04	-5.341E-09
       1.274000	 3.362E-04	 6.003E-04	-5.357E-09
       1.276000	 3.325E-04	 6.039E-04	-5.372E-09
       1.278000	 3.288E-04	 6.074E-04	-5.388E-09
       1.280000	 3.252E-04	 6.109E-04	-5.405E-09
       1.282000	 3.216E-04	 6.143E-04	-5.421E-09
       1.284000	 3.181E-04	 6.177E-04	-5.438E-09
       1.286000	 3.146E-04	 6.210E-04	-5.455E-09
       1.288000	 3.112E-04	 6.243E-04	-5.472E-09
       1.290000	 3.078E-04	 6.275E-04	-5.489E-09
       1.292000	 3.044E-04	 6.306E-04	-5.506E-09
       1.294000	 3.011E-04	 6.337E-04	-5.523E-09
       1.296000	 2.978E-04	 6.368E-04	-5.541E-09
       1.298000	 2.945E-04	 6.398E-04	-5.558E-09
       1.300000	 2.913E-04	 6.427E-04	-5.575E-09
       1.302000	 2.881E-04	 6.456E-04	-5.592E-09
       1.304000	 2.849E-04	 6.484E-04	-5.610E-09
       1.306000	 2.818E-04	 6.512E-04	-5.626E-09
       1.308000	 2.787E-04	 6.539E-04	-5.643E-09
       1.310000	 2.756E-04	 6.566E-04	-5.660E-09
       1.312000	 2.725E-04	 6.592E-04	-5.676E-09
       1.314000	 2.695E-04	 6.618E-04	-5.692E-09
       1.316000	 2.665E-04	 6.643E-04	-5.708E-09
       1.318000	 2.635E-04	 6.667E-04	-5.724E-09
       1.320000	 2.605E-04	 6.691E-04	-5.739E-09
       1.322000	 2.576E-04	 6.714E-04	-5.753E-09
       1.324000	 2.547E-04	 6.737E-04	-5.768E-09
       1.326000	 2.518E-04	 6.759E-04	-5.782E-09
       1.328000	 2.489E-04	 6.781E-04	-5.795E-09
       1.330000	 2.461E-04	 6.802E-04	-5.808E-09
       1.332000	 2.433E-04	 6.822E-04	-5.821E-09
       1.334000	 2.405E-04	 6.842E-04	-5.833E-09
       1.336000	 2.377E-04	 6.861E-04	-5.844E-09
       1.338000	 2.350E-04	 6.879E-04	-5.855E-09
       1.340000	 2.323E-04	 6.897E-04	-5.865E-09
       1.342000	 2.296E-04	 6.914E-04	-5.874E-09
       1.344000	 2.269E-04	 6.930E-04	-5.883E-09
       1.346000	 2.243E-04	 6.946E-04	-5.891E-09
       1.348000	 2.217E-04	 6.961E-04	-5.898E-09
       1.350000	 2.191E-04	 6.975E-04	-5.905E-09
       1.352000	 2.166E-04	 6.989E-04	-5.911E-09
       1.354000	 2.141E-04	 7.002E-04	-5.916E-09
       1.356000	 2.116E-04	 7.014E-04	-5.920E-09
       1.358000	 2.091E-04	 7.025E-04	-5.924E-09
       1.360000	 2.067E-04	 7.036E-04	-5.926E-09
       1.362000	 2.043E-04	 7.046E-04	-5.928E-09
       1.364000	 2.020E-04	 7.055E-04	-5.929E-09
       1.366000	 1.997E-04	 7.063E-04	-5.929E-09
       1.368000	 1.974E-04	 7.071E-04	-5.928E-09
       1.370000	 1.952E-04	 7.078E-04	-5.927E-09
       1.372000	 1.930E-04	 7.084E-04	-5.924E-09
       1.374000	 1.908E-04	 7.089E-04	-5.921E-09
       1.376000	 1.887E-04	 7.093E-04	-5.917E-09
       1.378000	 1.867E-04	 7.097E-04	-5.912E-09
       1.380000	 1.847E-04	 7.100E-04	-5.906E-09
       1.382000	 1.827E-04	 7.102E-04	-5.899E-09
       1.384000	 1.808E-04	 7.104E-04	-5.891E-09
       1.386000	 1.789E-04	 7.104E-04	-5.883E-09
       1.388000	 1.771E-04	 7.104E-04	-5.874E-09
       1.390000	 1.753E-04	 7.103E-04	-5.864E-09
       1.392000	 1.736E-04	 7.102E-04	-5.853E-09
       1.394000	 1.719E-04	 7.099E-04	-5.841E-09
       1.396000	 1.703E-04	 7.096E-04	-5.828E-09
       1.398000	 1.687E-04	 7.092E-04	-5.815E-09
       1.400000	 1.672E-04	 7.088E-04	-5.801E-09
       1.402000	 1.658E-04	 7.083E-04	-5.786E-09
       1.404000	 1.644E-04	 7.077E-04	-5.771E-09
       1.406000	 1.631E-04	 7.070E-04	-5.755E-09
       1.408000	 1.618E-04	 7.062E-04	-5.738E-09
       1.410000	 1.606E-04	 7.054E-04	-5.720E-09
       1.412000	 1.595E-04	 7.045E-04	-5.702E-09
       1.414000	 1.584E-04	 7.036E-04	-5.683E-09
       1.416000	 1.574E-04	 7.026E-04	-5.663E-09
       1.418000	 1.565E-04	 7.015E-04	-5.643E-09
       1.420000	 1.556E-04	 7.003E-04	-5.622E-09
       1.422000	 1.548E-04	 6.991E-04	-5.601E-09
       1.424000	 1.540E-04	 6.978E-04	-5.579E-09
       1.426000	 1.533E-04	 6.965E-04	-5.556E-09
       1.428000	 1.527E-04	 6.951E-04	-5.533E-09
       1.430000	 1.522E-04	 6.936E-04	-5.509E-09
       1.432000	 1.517E-04	 6.920E-04	-5.485E-09
       1.434000	 1.513E-04	 6.904E-04	-5.460E-09
       1.436000	 1.509E-04	 6.888E-04	-5.434E-09
       1.438000	 1.506E-04	 6.870E-04	-5.408E-09
       1.440000	 1.504E-04	 6.852E-04	-5.381E-09
       1.442000	 1.502E-04	 6.833E-04	-5.354E-09
       1.444000	 1.501E-04	 6.814E-04	-5.326E-09
       1.446000	 1.501E-04	 6.794E-04	-5.298E-09
       1.448000	 1.501E-04	 6.774E-04	-5.269E-09
       1.450000	 1.502E-04	 6.752E-04	-5.239E-09
       1.452000	 1.503E-04	 6.730E-04	-5.209E-09
       1.454000	 1.505E-04	 6.708E-04	-5.179E-09
       1.456000	 1.508E-04	 6.685E-04	-5.148E-09
       1.458000	 1.511E-04	 6.661E-04	-5.116E-09
       1.460000	 1.515E-04	 6.637E-04	-5.084E-09
       1.462000	 1.519E-04	 6.611E-04	-5.051E-09
       1.464000	 1.524E-04	 6.586E-04	-5.018E-09
       1.466000	 1.529E-04	 6.559E-04	-4.984E-09
       1.468000	 1.535E-04	 6.532E-04	-4.950E-09
       1.470000	 1.541E-04	 6.505E-04	-4.915E-09
       1.472000	 1.548E-04	 6.476E-04	-4.879E-09
       1.474000	 1.555E-04	 6.447E-04	-4.843E-09
       1.476000	 1.562E-04	 6.418E-04	-4.807E-09
       1.478000	 1.570E-04	 6.388E-04	-4.770E-09
       1.480000	 1.579E-04	 6.357E-04	-4.733E-09
       1.482000	 1.588E-04	 6.325E-04	-4.695E-09
       1.484000	 1.597E-04	 6.293E-04	-4.656E-09
       1.486000	 1.607E-04	 6.260E-04	-4.617E-09
       1.488000	 1.617E-04	 6.227E-04	-4.578E-09
       1.490000	 1.627E-04	 6.193E-04	-4.538E-09
       1.492000	 1.638E-04	 6.159E-04	-4.498E-09
       1.494000	 1.649E-04	 6.123E-04	-4.457E-09
       1.496000	 1.660E-04	 6.088E-04	-4.416E-09
       1.498000	 1.672E-04	 6.052E-04	-4.375E-09
       1.500000	 1.684E-04	 6.015E-04	-4.333E-09
       1.502000	 1.696E-04	 5.977E-04	-4.291E-09
       1.504000	 1.709E-04	 5.939E-04	-4.249E-09
       1.506000	 1.722E-04	 5.901E-04	-4.206E-09
       1.508000	 1.735E-04	 5.862E-04	-4.163E-09
       1.510000	 1.748E-04	 5.823E-04	-4.120E-09
       1.512000	 1.762E-04	 5.783E-04	-4.077E-09
       1.514000	 1.776E-04	 5.742E-04	-4.033E-09
       1.516000	 1.790E-04	 5.701E-04	-3.990E-09
       1.518000	 1.804E-04	 5.660E-04	-3.946E-09
       1.520000	 1.819E-04	 5.618E-04	-3.902E-09
       1.522000	 1.834E-04	 5.576E-04	-3.858E-09
       1.524000	 1.849E-04	 5.534E-04	-3.814E-09
       1.526000	 1.864E-04	 5.491E-04	-3.770E-09
       1.528000	 1.880E-04	 5.447E-04	-3.726E-09
       1.530000	 1.896E-04	 5.404E-04	-3.682E-09
       1.532000	 1.912E-04	 5.360E-04	-3.638E-09
       1.534000	 1.928E-04	 5.315E-04	-3.595E-09
       1.536000	 1.945E-04	 5.271E-04	-3.551E-09
       1.538000	 1.962E-04	 5.225E-04	-3.508E-09
       1.540000	 1.979E-04	 5.180E-04	-3.465E-09
       1.542000	 1.996E-04	 5.134E-04	-3.422E-09
       1.544000	 2.014E-04	 5.089E-04	-3.379E-09
       1.546000	 2.032E-04	 5.042E-04	-3.337E-09
       1.548000	 2.050E-04	 4.996E-04	-3.295E-09
       1.550000	 2.068E-04	 4.949E-04	-3.253E-09
       1.552000	 2.087E-04	 4.902E-04	-3.212E-09
       1.554000	 2.106E-04	 4.855E-04	-3.171E-09
       1.556000	 2.126E-04	 4.807E-04	-3.131E-09
       1.558000	 2.145E-04	 4.760E-04	-3.091E-09
       1.560000	 2.165E-04	 4.712E-04	-3.051E-09
       1.562000	 2.186E-04	 4.663E-04	-3.012E-09
       1.564000	 2.206E-04	 4.615E-04	-2.974E-09
       1.566000	 2.228E-04	 4.566E-04	-2.936E-09
       1.568000	 2.249E-04	 4.518E-04	-2.899E-09
       1.570000	 2.271E-04	 4.468E-04	-2.863E-09
       1.572000	 2.293E-04	 4.419E-04	-2.827E-09
       1.574000	 2.316E-04	 4.370E-04	-2.792E-09
       1.576000	 2.339E-04	 4.320E-04	-2.758E-09
       1.578000	 2.363E-04	 4.270E-04	-2.724E-09
       1.580000	 2.387E-04	 4.220E-04	-2.691E-09
       1.582000	 2.412E-04	 4.170E-04	-2.659E-09
       1.584000	 2.437E-04	 4.120E-04	-2.628E-09
       1.586000	 2.462E-04	 4.069E-04	-2.598E-09
       1.588000	 2.489E-04	 4.018E-04	-2.569E-09
       1.590000	 2.515E-04	 3.967E-04	-2.540E-09
       1.592000	 2.542E-04	 3.916E-04	-2.513E-09
       1.594000	 2.570E-04	 3.865E-04	-2.487E-09
       1.596000	 2.599E-04	 3.813E-04	-2.461E-09
       1.598000	 2.628E-04	 3.762E-04	-2.437E-09
       1.600000	 2.657E-04	 3.710E-04	-2.414E-09
       1.602000	 2.687E-04	 3.658E-04	-2.392E-09
       1.604000	 2.718E-04	 3.606E-04	-2.371E-09
       1.606000	 2.749E-04	 3.554E-04	-2.352E-09
       1.608000	 2.782E-04	 3.501E-04	-2.334E-09
       1.610000	 2.814E-04	 3.449E-04	-2.317E-09
       1.612000	 2.848E-04	 3.396E-04	-2.301E-09
       1.614000	 2.882E-04	 3.343E-04	-2.287E-09
       1.616000	 2.916E-04	 3.291E-04	-2.274E-09
       1.618000	 2.952E-04	 3.238E-04	-2.263E-09
       1.620000	 2.988E-04	 3.185E-04	-2.253E-09
       1.622000	 3.025E-04	 3.132E-04	-2.244E-09
       1.624000	 3.062E-04	 3.079E-04	-2.237E-09
       1.626000	 3.101E-04	 3.026E-04	-2.232E-09
       1.628000	 3.139E-04	 2.973E-04	-2.229E-09
       1.630000	 3.179E-04	 2.920E-04	-2.227E-09
       1.632000	 3.219E-04	 2.866E-04	-2.226E-09
       1.634000	 3.260E-04	 2.813E-04	-2.228E-09
       1.636000	 3.302E-04	 2.760E-04	-2.231E-09
       1.638000	 3.345E-04	 2.707E-04	-2.236E-09
       1.640000	 3.388E-04	 2.654E-04	-2.243E-09
       1.642000	 3.432E-04	 2.601E-04	-2.252E-09
       1.644000	 3.476E-04	 2.549E-04	-2.262E-09
       1.646000	 3.522E-04	 2.496E-04	-2.275E-09
       1.648000	 3.567E-04	 2.443E-04	-2.289E-09
       1.650000	 3.614E-04	 2.391E-04	-2.306E-09
       1.652000	 3.661E-04	 2.338E-04	-2.324E-09
       1.654000	 3.709E-04	 2.286E-04	-2.344E-09
       1.656000	 3.758E-04	 2.234E-04	-2.367E-09
       1.658000	 3.807E-04	 2.182E-04	-2.392E-09
       1.660000	 3.857E-04	 2.131E-04	-2.418E-09
       1.662000	 3.908E-04	 2.079E-04	-2.447E-09
       1.664000	 3.959E-04	 2.028E-04	-2.478E-09
       1.666000	 4.011E-04	 1.977E-04	-2.511E-09
       1.668000	 4.063E-04	 1.926E-04	-2.546E-09
       1.670000	 4.116E-04	 1.875E-04	-2.583E-09
       1.672000	 4.169E-04	 1.825E-04	-2.622E-09
       1.674000	 4.224E-04	 1.775E-04	-2.664E-09
       1.676000	 4.278E-04	 1.725E-04	-2.708E-09
       1.678000	 4.333E-04	 1.675E-04	-2.753E-09
       1.680000	 4.389E-04	 1.626E-04	-2.801E-09
       1.682000	 4.445E-04	 1.577E-04	-2.852E-09
       1.684000	 4.502E-04	 1.528E-04	-2.904E-09
       1.686000	 4.559E-04	 1.480E-04	-2.958E-09
       1.688000	 4.617E-04	 1.432E-04	-3.015E-09
       1.690000	 4.675E-04	 1.384E-04	-3.074E-09
       1.692000	 4.733E-04	 1.336E-04	-3.135E-09
       1.694000	 4.792E-04	 1.289E-04	-3.198E-09
       1.696000	 4.851E-04	 1.242E-04	-3.263E-09
       1.698000	 4.911E-04	 1.195E-04	-3.330E-09
       1.700000	 4.971E-04	 1.149E-04	-3.400E-09
       1.702000	 5.031E-04	 1.103E-04	-3.471E-09
       1.704000	 5.092E-04	 1.057E-04	-3.545E-09
       1.706000	 5.153E-04	 1.012E-04	-3.620E-09
       1.708000	 5.215E-04	 9.668E-05	-3.698E-09
       1.710000	 5.276E-04	 9.222E-05	-3.777E-09
       1.712000	 5.338E-04	 8.779E-05	-3.859E-09
       1.714000	 5.401E-04	 8.339E-05	-3.943E-09
       1.716000	 5.463E-04	 7.903E-05	-4.028E-09
       1.718000	 5.526E-04	 7.471E-05	-4.116E-09
       1.720000	 5.589E-04	 7.042E-05	-4.205E-09
       1.722000	 5.652E-04	 6.618E-05	-4.297E-09
       1.724000	 5.716E-04	 6.196E-05	-4.390E-09
       1.726000	 5.780E-04	 5.779E-05	-4.486E-09
       1.728000	 5.844E-04	 5.366E-05	-4.583E-09
       1.730000	 5.908E-04	 4.957E-05	-4.682E-09
       1.732000	 5.972E-04	 4.552E-05	-4.783E-09
       1.734000	 6.037E-04	 4.151E-05	-4.886E-09
       1.736000	 6.102E-04	 3.754E-05	-4.991E-09
       1.738000	 6.167E-04	 3.362E-05	-5.097E-09
       1.740000	 6.232E-04	 2.974E-05	-5.206E-09
       1.742000	 6.297E-04	 2.590E-05	-5.316E-09
       1.744000	 6.363E-04	 2.211E-05	-5.428E-09
       1.746000	 6.428E-04	 1.837E-05	-5.542E-09
       1.748000	 6.494E-04	 1.468E-05	-5.658E-09
       1.750000	 6.560E-04	 1.103E-05	-5.776E-09
       1.752000	 6.627E-04	 7.434E-06	-5.896E-09
       1.754000	 6.693E-04	 3.888E-06	-6.017E-09
       1.756000	 6.760E-04	 3.941E-07	-6.140E-09
       1.758000	 6.827E-04	-3.048E-06	-6.266E-09
       1.760000	 6.894E-04	-6.437E-06	-6.393E-09
       1.762000	 6.961E-04	-9.771E-06	-6.522E-09
       1.764000	 7.028E-04	-1.305E-05	-6.653E-09
       1.766000	 7.096E-04	-1.628E-05	-6.785E-09
       1.768000	 7.164E-04	-1.944E-05	-6.920E-09
       1.770000	 7.232E-04	-2.255E-05	-7.057E-09
       1.772000	 7.300E-04	-2.561E-05	-7.196E-09
       1.774000	 7.368E-04	-2.860E-05	-7.336E-09
       1.776000	 7.437E-04	-3.153E-05	-7.479E-09
       1.778000	 7.506E-04	-3.441E-05	-7.624E-09
       1.780000	 7.575E-04	-3.722E-05	-7.770E-09
       1.782000	 7.645E-04	-3.997E-05	-7.919E-09
       1.784000	 7.714E-04	-4.267E-05	-8.070E-09
       1.786000	 7.784E-04	-4.529E-05	-8.223E-09
       1.788000	 7.854E-04	-4.786E-05	-8.378E-09
       1.790000	 7.924E-04	-5.037E-05	-8.536E-09
       1.792000	 7.995E-04	-5.281E-05	-8.695E-09
       1.794000	 8.066E-04	-5.519E-05	-8.857E-09
       1.796000	 8.137E-04	-5.750E-05	-9.021E-09
       1.798000	 8.209E-04	-5.975E-05	-9.187E-09
       1.800000	 8.280E-04	-6.194E-05	-9.356E-09
       1.802000	 8.352E-04	-6.407E-05	-9.526E-09
       1.804000	 8.425E-04	-6.613E-05	-9.699E-09
       1.806000	 8.497E-04	-6.813E-05	-9.875E-09
       1.808000	 8.570E-04	-7.006E-05	-1.005E-08
       1.810000	 8.643E-04	-7.194E-05	-1.023E-08
       1.812000	 8.716E-04	-7.375E-05	-1.042E-08
       1.814000	 8.790E-04	-7.549E-05	-1.060E-08
       1.816000	 8.864E-04	-7.717E-05	-1.079E-08
       1.818000	 8.938E-04	-7.879E-05	-1.098E-08
       1.820000	 9.013E-04	-8.035E-05	-1.117E-08
       1.822000	 9.088E-04	-8.185E-05	-1.137E-08
       1.824000	 9.163E-04	-8.328E-05	-1.156E-08
       1.826000	 9.238E-04	-8.465E-05	-1.176E-08
       1.828000	 9.314E-04	-8.596E-05	-1.197E-08
       1.830000	 9.390E-04	-8.721E-05	-1.217E-08
       1.832000	 9.466E-04	-8.839E-05	-1.238E-08
       1.834000	 9.542E-04	-8.951E-05	-1.259E-08
       1.836000	 9.619E-04	-9.058E-05	-1.280E-08
       1.838000	 9.695E-04	-9.158E-05	-1.302E-08
       1.840000	 9.772E-04	-9.252E-05	-1.323E-08
       1.842000	 9.850E-04	-9.339E-05	-1.345E-08
       1.844000	 9.927E-04	-9.421E-05	-1.367E-08
       1.846000	 1.000E-03	-9.496E-05	-1.390E-08
       1.848000	 1.008E-03	-9.566E-05	-1.413E-08
       1.850000	 1.016E-03	-9.629E-05	-1.436E-08
       1.852000	 1.024E-03	-9.685E-05	-1.459E-08
       1.854000	 1.032E-03	-9.736E-05	-1.482E-08
       1.856000	 1.040E-03	-9.780E-05	-1.506E-08
       1.858000	 1.047E-03	-9.819E-05	-1.530E-08
       1.860000	 1.055E-03	-9.851E-05	-1.554E-08
       1.862000	 1.063E-03	-9.876E-05	-1.578E-08
       1.864000	 1.071E-03	-9.895E-05	-1.603E-08
       1.866000	 1.079E-03	-9.908E-05	-1.627E-08
       1.868000	 1.087E-03	-9.915E-05	-1.652E-08
       1.870000	 1.095E-03	-9.915E-05	-1.677E-08
       1.872000	 1.103E-03	-9.908E-05	-1.702E-08
       1.874000	 1.110E-03	-9.896E-05	-1.728E-08
       1.876000	 1.118E-03	-9.876E-05	-1.754E-08
       1.878000	 1.126E-03	-9.850E-05	-1.779E-08
       1.880000	 1.134E-03	-9.818E-05	-1.805E-08
       1.882000	 1.142E-03	-9.779E-05	-1.831E-08
       1.884000	 1.150E-03	-9.733E-05	-1.857E-08
       1.886000	 1.158E-03	-9.681E-05	-1.884E-08
       1.888000	 1.165E-03	-9.622E-05	-1.910E-08
       1.890000	 1.173E-03	-9.556E-05	-1.937E-08
       1.892000	 1.181E-03	-9.484E-05	-1.963E-08
       1.894000	 1.189E-03	-9.405E-05	-1.990E-08
       1.896000	 1.196E-03	-9.319E-05	-2.017E-08
       1.898000	 1.204E-03	-9.227E-05	-2.044E-08
       1.900000	 1.212E-03	-9.128E-05	-2.071E-08
       1.902000	 1.219E-03	-9.022E-05	-2.098E-08
       1.904000	 1.227E-03	-8.910E-05	-2.125E-08
       1.906000	 1.235E-03	-8.791E-05	-2.152E-08
       1.908000	 1.242E-03	-8.665E-05	-2.179E-08
       1.910000	 1.250E-03	-8.533E-05	-2.206E-08
       1.912000	 1.257E-03	-8.394E-05	-2.233E-08
       1.914000	 1.265E-03	-8.249E-05	-2.261E-08
       1.916000	 1.272E-03	-8.098E-05	-2.288E-08
       1.918000	 1.280E-03	-7.940E-05	-2.315E-08
       1.920000	 1.287E-03	-7.775E-05	-2.342E-08
       1.922000	 1.294E-03	-7.605E-05	-2.369E-08
       1.924000	 1.301E-03	-7.428E-05	-2.396E-08
       1.926000	 1.309E-03	-7.245E-05	-2.423E-08
       1.928000	 1.316E-03	-7.055E-05	-2.449E-08
       1.930000	 1.323E-03	-6.860E-05	-2.476E-08
       1.932000	 1.330E-03	-6.659E-05	-2.503E-08
       1.934000	 1.337E-03	-6.452E-05	-2.529E-08
       1.936000	 1.344E-03	-6.239E-05	-2.556E-08
       1.938000	 1.351E-03	-6.021E-05	-2.582E-08
       1.940000	 1.358E-03	-5.797E-05	-2.609E-08
       1.942000	 1.364E-03	-5.567E-05	-2.635E-08
       1.944000	 1.371E-03	-5.332E-05	-2.661E-08
       1.946000	 1.378E-03	-5.091E-05	-2.687E-08
       1.948000	 1.384E-03	-4.845E-05	-2.712E-08
       1.950000	 1.391E-03	-4.594E-05	-2.738E-08
       1.952000	 1.397E-03	-4.338E-05	-2.764E-08
       1.954000	 1.404E-03	-4.077E-05	-2.789E-08
       1.956000	 1.410E-03	-3.811E-05	-2.814E-08
       1.958000	 1.417E-03	-3.540E-05	-2.839E-08
       1.960000	 1.423E-03	-3.264E-05	-2.864E-08
       1.962000	 1.429E-03	-2.983E-05	-2.889E-08
       1.964000	 1.435E-03	-2.698E-05	-2.914E-08
       1.966000	 1.442E-03	-2.408E-05	-2.939E-08
       1.968000	 1.448E-03	-2.113E-05	-2.963E-08
       1.970000	 1.454E-03	-1.814E-05	-2.987E-08
       1.972000	 1.460E-03	-1.511E-05	-3.011E-08
       1.974000	 1.465E-03	-1.203E-05	-3.035E-08
       1.976000	 1.471E-03	-8.913E-06	-3.059E-08
       1.978000	 1.477E-03	-5.752E-06	-3.083E-08
       1.980000	 1.483E-03	-2.549E-06	-3.106E-08
       1.982000	 1.489E-03	 6.949E-07	-3.130E-08
       1.984000	 1.494E-03	 3.979E-06	-3.153E-08
       1.986000	 1.500E-03	 7.303E-06	-3.176E-08
       1.988000	 1.505E-03	 1.067E-05	-3.199E-08
       1.990000	 1.511E-03	 1.407E-05	-3.222E-08
       1.992000	 1.516E-03	 1.751E-05	-3.245E-08
       1.994000	 1.522E-03	 2.099E-05	-3.268E-08
       1.996000	 1.527E-03	 2.450E-05	-3.290E-08
       1.998000	 1.532E-03	 2.805E-05	-3.313E-08
       2.000000	 1.538E-03	 3.164E-05	-3.335E-08
       2.002000	 1.543E-03	 3.527E-05	-3.357E-08
       2.004000	 1.548E-03	 3.892E-05	-3.379E-08
       2.006000	 1.553E-03	 4.262E-05	-3.401E-08
       2.008000	 1.558E-03	 4.634E-05	-3.423E-08
       2.010000	 1.563E-03	 5.010E-05	-3.445E-08
       2.012000	 1.568E-03	 5.390E-05	-3.467E-08
       2.014000	 1.573E-03	 5.772E-05	-3.488E-08
       2.016000	 1.578E-03	 6.158E-05	-3.510E-08
       2.018000	 1.583E-03	 6.546E-05	-3.531E-08
       2.020000	 1.588E-03	 6.938E-05	-3.553E-08
       2.022000	 1.593E-03	 7.332E-05	-3.574E-08
       2.024000	 1.597E-03	 7.730E-05	-3.595E-08
       2.026000	 1.602E-03	 8.130E-05	-3.616E-08
       2.028000	 1.607E-03	 8.532E-05	-3.637E-08
       2.030000	 1.611E-03	 8.938E-05	-3.658E-08
       2.032000	 1.616E-03	 9.345E-05	-3.679E-08
       2.034000	 1.621E-03	 9.756E-05	-3.700E-08
       2.036000	 1.625E-03	 1.017E-04	-3.721E-08
       2.038000	 1.630E-03	 1.058E-04	-3.742E-08
       2.040000	 1.634E-03	 1.100E-04	-3.762E-08
       2.042000	 1.638E-03	 1.142E-04	-3.783E-08
       2.044000	 1.643E-03	 1.184E-04	-3.803E-08
       2.046000	 1.647E-03	 1.226E-04	-3.824E-08
       2.048000	 1.651E-03	 1.269E-04	-3.844E-08
       2.050000	 1.656E-03	 1.311E-04	-3.864E-08
       2.052000	 1.660E-03	 1.354E-04	-3.884E-08
       2.054000	 1.664E-03	 1.397E-04	-3.904E-08
       2.056000	 1.668E-03	 1.440E-04	-3.924E-08
       2.058000	 1.672E-03	 1.483E-04	-3.944E-08
       2.060000	 1.676E-03	 1.526E-04	-3.964E-08
       2.062000	 1.680E-03	 1.569E-04	-3.983E-08
       2.064000	 1.684E-03	 1.613E-04	-4.003E-08
       2.066000	 1.688E-03	 1.656E-04	-4.022E-08
       2.068000	 1.692E-03	 1.700E-04	-4.041E-08
       2.070000	 1.695E-03	 1.743E-04	-4.060E-08
       2.072000	 1.699E-03	 1.787E-04	-4.079E-08
       2.074000	 1.703E-03	 1.831E-04	-4.098E-08
       2.076000	 1.706E-03	 1.875E-04	-4.116E-08
       2.078000	 1.710E-03	 1.918E-04	-4.135E-08
       2.080000	 1.713E-03	 1.962E-04	-4.153E-08
       2.082000	 1.717E-03	 2.006E-04	-4.171E-08
       2.084000	 1.720E-03	 2.050E-04	-4.189E-08
       2.086000	 1.723E-03	 2.093E-04	-4.206E-08
       2.088000	 1.727E-03	 2.137E-04	-4.224E-08
       2.090000	 1.730E-03	 2.181E-04	-4.241E-08
       2.092000	 1.733E-03	 2.224E-04	-4.258E-08
       2.094000	 1.736E-03	 2.268E-04	-4.274E-08
       2.096000	 1.739E-03	 2.312E-04	-4.291E-08
       2.098000	 1.742E-03	 2.355E-04	-4.307E-08
       2.100000	 1.745E-03	 2.399E-04	-4.323E-08
       2.102000	 1.748E-03	 2.442E-04	-4.339E-08
       2.104000	 1.751E-03	 2.486E-04	-4.354E-08
       2.106000	 1.753E-03	 2.529E-04	-4.369E-08
       2.108000	 1.756E-03	 2.572E-04	-4.384E-08
       2.110000	 1.758E-03	 2.615E-04	-4.399E-08
       2.112000	 1.761E-03	 2.658E-04	-4.413E-08
       2.114000	 1.763E-03	 2.701E-04	-4.427E-08
       2.116000	 1.766E-03	 2.744E-04	-4.440E-08
       2.118000	 1.768E-03	 2.787E-04	-4.453E-08
       2.120000	 1.770E-03	 2.829E-04	-4.466E-08
       2.122000	 1.772E-03	 2.872E-04	-4.479E-08
       2.124000	 1.774E-03	 2.914E-04	-4.491E-08
       2.126000	 1.776E-03	 2.956E-04	-4.503E-08
       2.128000	 1.778E-03	 2.999E-04	-4.515E-08
       2.130000	 1.780E-03	 3.041E-04	-4.526E-08
       2.132000	 1.782E-03	 3.082E-04	-4.536E-08
       2.134000	 1.783E-03	 3.124E-04	-4.547E-08
       2.136000	 1.785E-03	 3.166E-04	-4.557E-08
       2.138000	 1.786E-03	 3.207E-04	-4.567E-08
       2.140000	 1.788E-03	 3.248E-04	-4.576E-08
       2.142000	 1.789E-03	 3.289E-04	-4.585E-08
       2.144000	 1.790E-03	 3.330E-04	-4.593E-08
       2.146000	 1.791E-03	 3.371E-04	-4.602E-08
       2.148000	 1.793E-03	 3.411E-04	-4.609E-08
       2.150000	 1.794E-03	 3.451E-04	-4.617E-08
       2.152000	 1.794E-03	 3.491E-04	-4.624E-08
       2.154000	 1.795E-03	 3.531E-04	-4.631E-08
       2.156000	 1.796E-03	 3.571E-04	-4.637E-08
       2.158000	 1.797E-03	 3.610E-04	-4.643E-08
       2.160000	 1.797E-03	 3.649E-04	-4.648E-08
       2.162000	 1.798E-03	 3.688E-04	-4.654E-08
       2.164000	 1.799E-03	 3.726E-04	-4.658E-08
       2.166000	 1.799E-03	 3.764E-04	-4.663E-08
       2.168000	 1.799E-03	 3.802E-04	-4.667E-08
       2.170000	 1.800E-03	 3.840E-04	-4.671E-08
       2.172000	 1.800E-03	 3.877E-04	-4.674E-08
       2.174000	 1.800E-03	 3.914E-04	-4.677E-08
       2.176000	 1.800E-03	 3.950E-04	-4.680E-08
       2.178000	 1.800E-03	 3.987E-04	-4.682E-08
       2.180000	 1.800E-03	 4.023E-04	-4.684E-08
       2.182000	 1.800E-03	 4.058E-04	-4.686E-08
       2.184000	 1.799E-03	 4.093E-04	-4.687E-08
       2.186000	 1.799E-03	 4.128E-04	-4.688E-08
       2.188000	 1.799E-03	 4.162E-04	-4.689E-08
       2.190000	 1.798E-03	 4.196E-04	-4.689E-08
       2.192000	 1.798E-03	 4.230E-04	-4.689E-08
       2.194000	 1.797E-03	 4.263E-04	-4.689E-08
       2.196000	 1.797E-03	 4.296E-04	-4.688E-08
       2.198000	 1.796E-03	 4.328E-04	-4.688E-08
       2.200000	 1.795E-03	 4.360E-04	-4.686E-08
       2.202000	 1.794E-03	 4.391E-04	-4.685E-08
       2.204000	 1.794E-03	 4.422E-04	-4.683E-08
       2.206000	 1.793E-03	 4.453E-04	-4.681E-08
       2.208000	 1.792E-03	 4.483E-04	-4.679E-08
       2.210000	 1.791E-03	 4.512E-04	-4.677E-08
       2.212000	 1.790E-03	 4.541E-04	-4.674E-08
       2.214000	 1.789E-03	 4.570E-04	-4.671E-08
       2.216000	 1.787E-03	 4.598E-04	-4.668E-08
       2.218000	 1.786E-03	 4.625E-04	-4.664E-08
       2.220000	 1.785E-03	 4.652E-04	-4.660E-08
       2.222000	 1.783E-03	 4.679E-04	-4.656E-08
       2.224000	 1.782E-03	 4.705E-04	-4.652E-08
       2.226000	 1.781E-03	 4.731E-04	-4.648E-08
       2.228000	 1.779E-03	 4.756E-04	-4.643E-08
       2.230000	 1.778E-03	 4.780E-04	-4.638E-08
       2.232000	 1.776E-03	 4.804E-04	-4.633E-08
       2.234000	 1.774E-03	 4.827E-04	-4.628E-08
       2.236000	 1.773E-03	 4.850E-04	-4.622E-08
       2.238000	 1.771E-03	 4.873E-04	-4.616E-08
       2.240000	 1.769E-03	 4.895E-04	-4.610E-08
       2.242000	 1.767E-03	 4.916E-04	-4.604E-08
       2.244000	 1.765E-03	 4.937E-04	-4.597E-08
       2.246000	 1.763E-03	 4.957E-04	-4.591E-08
       2.248000	 1.762E-03	 4.977E-04	-4.584E-08
       2.250000	 1.760E-03	 4.996E-04	-4.576E-08
       2.252000	 1.757E-03	 5.014E-04	-4.569E-08
       2.254000	 1.755E-03	 5.033E-04	-4.561E-08
       2.256000	 1.753E-03	 5.050E-04	-4.554E-08
       2.258000	 1.751E-03	 5.067E-04	-4.545E-08
       2.260000	 1.749E-03	 5.084E-04	-4.537E-08
       2.262000	 1.746E-03	 5.099E-04	-4.528E-08
       2.264000	 1.744E-03	 5.115E-04	-4.520E-08
       2.266000	 1.742E-03	 5.130E-04	-4.511E-08
       2.268000	 1.739E-03	 5.144E-04	-4.501E-08
       2.270000	 1.737E-03	 5.157E-04	-4.492E-08
       2.272000	 1.734E-03	 5.171E-04	-4.482E-08
       2.274000	 1.731E-03	 5.183E-04	-4.472E-08
       2.276000	 1.729E-03	 5.195E-04	-4.461E-08
       2.278000	 1.726E-03	 5.206E-04	-4.451E-08
       2.280000	 1.723E-03	 5.217E-04	-4.440E-08
       2.282000	 1.720E-03	 5.228E-04	-4.428E-08
       2.284000	 1.717E-03	 5.237E-04	-4.417E-08
       2.286000	 1.714E-03	 5.246E-04	-4.405E-08
       2.288000	 1.711E-03	 5.255E-04	-4.393E-08
       2.290000	 1.708E-03	 5.263E-04	-4.380E-08
       2.292000	 1.705E-03	 5.270E-04	-4.368E-08
       2.294000	 1.702E-03	 5.277E-04	-4.355E-08
       2.296000	 1.699E-03	 5.283E-04	-4.341E-08
       2.298000	 1.695E-03	 5.289E-04	-4.327E-08
       2.300000	 1.692E-03	 5.294E-04	-4.313E-08
       2.302000	 1.689E-03	 5.298E-04	-4.299E-08
       2.304000	 1.685E-03	 5.302E-04	-4.284E-08
       2.306000	 1.682E-03	 5.305E-04	-4.269E-08
       2.308000	 1.678E-03	 5.308E-04	-4.253E-08
       2.310000	 1.674E-03	 5.310E-04	-4.238E-08
       2.312000	 1.670E-03	 5.312E-04	-4.221E-08
       2.314000	 1.667E-03	 5.313E-04	-4.205E-08
       2.316000	 1.663E-03	 5.313E-04	-4.188E-08
       2.318000	 1.659E-03	 5.313E-04	-4.171E-08
       2.320000	 1.655E-03	 5.312E-04	-4.153E-08
       2.322000	 1.650E-03	 5.310E-04	-4.135E-08
       2.324000	 1.646E-03	 5.308E-04	-4.116E-08
       2.326000	 1.642E-03	 5.306E-04	-4.097E-08
       2.328000	 1.638E-03	 5.303E-04	-4.078E-08
       2.330000	 1.633E-03	 5.299E-04	-4.059E-08
       2.332000	 1.629E-03	 5.294E-04	-4.039E-08
       2.334000	 1.624E-03	 5.290E-04	-4.018E-08
       2.336000	 1.619E-03	 5.284E-04	-3.998E-08
       2.338000	 1.615E-03	 5.278E-04	-3.976E-08
       2.340000	 1.610E-03	 5.271E-04	-3.955E-08
       2.342000	 1.605E-03	 5.264E-04	-3.933E-08
       2.344000	 1.600E-03	 5.257E-04	-3.911E-08
       2.346000	 1.595E-03	 5.248E-04	-3.888E-08
       2.348000	 1.590E-03	 5.240E-04	-3.865E-08
       2.350000	 1.585E-03	 5.230E-04	-3.842E-08
       2.352000	 1.580E-03	 5.220E-04	-3.818E-08
       2.354000	 1.574E-03	 5.210E-04	-3.794E-08
       2.356000	 1.569E-03	 5.199E-04	-3.770E-08
       2.358000	 1.563E-03	 5.188E-04	-3.745E-08
       2.360000	 1.558E-03	 5.176E-04	-3.720E-08
       2.362000	 1.552E-03	 5.163E-04	-3.695E-08
       2.364000	 1.547E-03	 5.150E-04	-3.670E-08
       2.366000	 1.541E-03	 5.137E-04	-3.644E-08
       2.368000	 1.535E-03	 5.123E-04	-3.617E-08
       2.370000	 1.529E-03	 5.108E-04	-3.591E-08
       2.372000	 1.523E-03	 5.093E-04	-3.564E-08
       2.374000	 1.517E-03	 5.078E-04	-3.537E-08
       2.376000	 1.511E-03	 5.062E-04	-3.510E-08
       2.378000	 1.505E-03	 5.045E-04	-3.482E-08
       2.380000	 1.499E-03	 5.029E-04	-3.455E-08
       2.382000	 1.493E-03	 5.011E-04	-3.427E-08
       2.384000	 1.486E-03	 4.993E-04	-3.398E-08
       2.386000	 1.480E-03	 4.975E-04	-3.370E-08
       2.388000	 1.473E-03	 4.956E-04	-3.341E-08
       2.390000	 1.467E-03	 4.937E-04	-3.313E-08
       2.392000	 1.460E-03	 4.917E-04	-3.284E-08
       2.394000	 1.454E-03	 4.897E-04	-3.254E-08
       2.396000	 1.447E-03	 4.877E-04	-3.225E-08
       2.398000	 1.440E-03	 4.856E-04	-3.196E-08
       2.400000	 1.434E-03	 4.834E-04	-3.166E-08
       2.402000	 1.427E-03	 4.812E-04	-3.136E-08
       2.404000	 1.420E-03	 4.790E-04	-3.107E-08
       2.406000	 1.413E-03	 4.767E-04	-3.077E-08
       2.408000	 1.406E-03	 4.744E-04	-3.047E-08
       2.410000	 1.399E-03	 4.720E-04	-3.016E-08
       2.412000	 1.392E-03	 4.696E-04	-2.986E-08
       2.414000	 1.385E-03	 4.672E-04	-2.956E-08
       2.416000	 1.378E-03	 4.647E-04	-2.926E-08
       2.418000	 1.371E-03	 4.622E-04	-2.895E-08
       2.420000	 1.364E-03	 4.596E-04	-2.865E-08
       2.422000	 1.356E-03	 4.570E-04	-2.835E-08
       2.424000	 1.349E-03	 4.543E-04	-2.804E-08
       2.426000	 1.342E-03	 4.516E-04	-2.774E-08
       2.428000	 1.334E-03	 4.489E-04	-2.743E-08
       2.430000	 1.327E-03	 4.461E-04	-2.713E-08
       2.432000	 1.320E-03	 4.433E-04	-2.682E-08
       2.434000	 1.312E-03	 4.405E-04	-2.652E-08
       2.436000	 1.305E-03	 4.376E-04	-2.621E-08
       2.438000	 1.297E-03	 4.347E-04	-2.591E-08
       2.440000	 1.290E-03	 4.317E-04	-2.561E-08
       2.442000	 1.282E-03	 4.287E-04	-2.530E-08
       2.444000	 1.275E-03	 4.257E-04	-2.500E-08
       2.446000	 1.267E-03	 4.226E-04	-2.470E-08
       2.448000	 1.259E-03	 4.195E-04	-2.440E-08
       2.450000	 1.252E-03	 4.164E-04	-2.410E-08
       2.452000	 1.244E-03	 4.132E-04	-2.380E-08
       2.454000	 1.236E-03	 4.100E-04	-2.350E-08
       2.456000	 1.229E-03	 4.068E-04	-2.320E-08
       2.458000	 1.221E-03	 4.036E-04	-2.290E-08
       2.460000	 1.213E-03	 4.003E-04	-2.260E-08
       2.462000	 1.205E-03	 3.970E-04	-2.231E-08
       2.464000	 1.198E-03	 3.936E-04	-2.201E-08
       2.466000	 1.190E-03	 3.902E-04	-2.172E-08
       2.468000	 1.182E-03	 3.868E-04	-2.142E-08
       2.470000	 1.174E-03	 3.834E-04	-2.113E-08
       2.472000	 1.166E-03	 3.800E-04	-2.084E-08
       2.474000	 1.158E-03	 3.765E-04	-2.055E-08
       2.476000	 1.150E-03	 3.730E-04	-2.026E-08
       2.478000	 1.142E-03	 3.695E-04	-1.998E-08
       2.480000	 1.134E-03	 3.660E-04	-1.969E-08
       2.482000	 1.126E-03	 3.624E-04	-1.940E-08
       2.484000	 1.118E-03	 3.588E-04	-1.912E-08
       2.486000	 1.110E-03	 3.552E-04	-1.884E-08
       2.488000	 1.102E-03	 3.516E-04	-1.856E-08
       2.490000	 1.094E-03	 3.480E-04	-1.828E-08
       2.492000	 1.086E-03	 3.443E-04	-1.800E-08
       2.494000	 1.078E-03	 3.407E-04	-1.772E-08
       2.496000	 1.070E-03	 3.370E-04	-1.744E-08
       2.498000	 1.062E-03	 3.333E-04	-1.717E-08
       2.500000	 1.054E-03	 3.296E-04	-1.690E-08
       2.502000	 1.046E-03	 3.259E-04	-1.662E-08
       2.504000	 1.037E-03	 3.222E-04	-1.635E-08
       2.506000	 1.029E-03	 3.185E-04	-1.609E-08
       2.508000	 1.021E-03	 3.147E-04	-1.582E-08
       2.510000	 1.013E-03	 3.110E-04	-1.555E-08
       2.512000	 1.004E-03	 3.072E-04	-1.529E-08
       2.514000	 9.961E-04	 3.035E-04	-1.503E-08
       2.516000	 9.878E-04	 2.997E-04	-1.476E-08
       2.518000	 9.795E-04	 2.960E-04	-1.450E-08
       2.520000	 9.711E-04	 2.922E-04	-1.425E-08
       2.522000	 9.628E-04	 2.884E-04	-1.399E-08
       2.524000	 9.544E-04	 2.846E-04	-1.374E-08
       2.526000	 9.460E-04	 2.808E-04	-1.348E-08
       2.528000	 9.376E-04	 2.771E-04	-1.323E-08
       2.530000	 9.292E-04	 2.733E-04	-1.298E-08
       2.532000	 9.207E-04	 2.695E-04	-1.273E-08
       2.534000	 9.122E-04	 2.657E-04	-1.249E-08
       2.536000	 9.038E-04	 2.619E-04	-1.224E-08
       2.538000	 8.953E-04	 2.582E-04	-1.200E-08
       2.540000	 8.868E-04	 2.544E-04	-1.176E-08
       2.542000	 8.783E-04	 2.506E-04	-1.152E-08
       2.544000	 8.697E-04	 2.468E-04	-1.129E-08
       2.546000	 8.612E-04	 2.431E-04	-1.105E-08
       2.548000	 8.527E-04	 2.393E-04	-1.082E-08
       2.550000	 8.441E-04	 2.356E-04	-1.059E-08
       2.552000	 8.355E-04	 2.318E-04	-1.036E-08
       2.554000	 8.270E-04	 2.281E-04	-1.014E-08
       2.556000	 8.184E-04	 2.243E-04	-9.914E-09
       2.558000	 8.098E-04	 2.206E-04	-9.692E-09
       2.560000	 8.012E-04	 2.169E-04	-9.474E-09
       2.562000	 7.926E-04	 2.132E-04	-9.257E-09
       2.564000	 7.840E-04	 2.095E-04	-9.043E-09
       2.566000	 7.754E-04	 2.059E-04	-8.832E-09
       2.568000	 7.668E-04	 2.022E-04	-8.623E-09
       2.570000	 7.582E-04	 1.986E-04	-8.417E-09
       2.572000	 7.496E-04	 1.949E-04	-8.213E-09
       2.574000	 7.411E-04	 1.913E-04	-8.012E-09
       2.576000	 7.325E-04	 1.877E-04	-7.813E-09
       2.578000	 7.239E-04	 1.841E-04	-7.617E-09
       2.580000	 7.154E-04	 1.805E-04	-7.424E-09
       2.582000	 7.068E-04	 1.770E-04	-7.234E-09
       2.584000	 6.983E-04	 1.735E-04	-7.046E-09
       2.586000	 6.898E-04	 1.700E-04	-6.862E-09
       2.588000	 6.813E-04	 1.665E-04	-6.680E-09
       2.590000	 6.728E-04	 1.630E-04	-6.501E-09
       2.592000	 6.643E-04	 1.596E-04	-6.325E-09
       2.594000	 6.559E-04	 1.562E-04	-6.152E-09
       2.596000	 6.475E-04	 1.528E-04	-5.982E-09
       2.598000	 6.391E-04	 1.494E-04	-5.815E-09
       2.600000	 6.307E-04	 1.461E-04	-5.651E-09
       2.602000	 6.224E-04	 1.427E-04	-5.490E-09
       2.604000	 6.141E-04	 1.394E-04	-5.332E-09
       2.606000	 6.058E-04	 1.362E-04	-5.177E-09
       2.608000	 5.975E-04	 1.330E-04	-5.025E-09
       2.610000	 5.893E-04	 1.298E-04	-4.876E-09
       2.612000	 5.812E-04	 1.266E-04	-4.730E-09
       2.614000	 5.730E-04	 1.234E-04	-4.587E-09
       2.616000	 5.649E-04	 1.203E-04	-4.447E-09
       2.618000	 5.569E-04	 1.173E-04	-4.311E-09
       2.620000	 5.489E-04	 1.142E-04	-4.177E-09
       2.622000	 5.409E-04	 1.112E-04	-4.046E-09
       2.624000	 5.330E-04	 1.082E-04	-3.918E-09
       2.626000	 5.251E-04	 1.053E-04	-3.793E-09
       2.628000	 5.173E-04	 1.024E-04	-3.671E-09
       2.630000	 5.096E-04	 9.952E-05	-3.552E-09
       2.632000	 5.018E-04	 9.668E-05	-3.436E-09
       2.634000	 4.942E-04	 9.389E-05	-3.323E-09
       2.636000	 4.866E-04	 9.113E-05	-3.213E-09
       2.638000	 4.790E-04	 8.840E-05	-3.105E-09
       2.640000	 4.715E-04	 8.572E-05	-3.001E-09
       2.642000	 4.641E-04	 8.308E-05	-2.899E-09
       2.644000	 4.567E-04	 8.047E-05	-2.800E-09
       2.646000	 4.494E-04	 7.791E-05	-2.703E-09
       2.648000	 4.421E-04	 7.538E-05	-2.609E-09
       2.650000	 4.349E-04	 7.290E-05	-2.518E-09
       2.652000	 4.278E-04	 7.045E-05	-2.429E-09
       2.654000	 4.207E-04	 6.805E-05	-2.343E-09
       2.656000	 4.137E-04	 6.569E-05	-2.259E-09
       2.658000	 4.068E-04	 6.337E-05	-2.178E-09
       2.660000	 3.999E-04	 6.110E-05	-2.099E-09
       2.662000	 3.931E-04	 5.887E-05	-2.022E-09
       2.664000	 3.863E-04	 5.668E-05	-1.948E-09
       2.666000	 3.797E-04	 5.453E-05	-1.876E-09
       2.668000	 3.730E-04	 5.243E-05	-1.806E-09
       2.670000	 3.665E-04	 5.038E-05	-1.738E-09
       2.672000	 3.600E-04	 4.837E-05	-1.672E-09
       2.674000	 3.536E-04	 4.640E-05	-1.609E-09
       2.676000	 3.473E-04	 4.448E-05	-1.547E-09
       2.678000	 3.410E-04	 4.261E-05	-1.488E-09
       2.680000	 3.348E-04	 4.078E-05	-1.430E-09
       2.682000	 3.286E-04	 3.900E-05	-1.374E-09
       2.684000	 3.225E-04	 3.727E-05	-1.320E-09
       2.686000	 3.165E-04	 3.559E-05	-1.268E-09
       2.688000	 3.106E-04	 3.396E-05	-1.218E-09
       2.690000	 3.047E-04	 3.237E-05	-1.169E-09
       2.692000	 2.989E-04	 3.084E-05	-1.122E-09
       2.694000	 2.932E-04	 2.935E-05	-1.076E-09
       2.696000	 2.875E-04	 2.792E-05	-1.033E-09
       2.698000	 2.819E-04	 2.653E-05	-9.901E-10
       2.700000	 2.764E-04	 2.520E-05	-9.491E-10
       2.702000	 2.709E-04	 2.392E-05	-9.096E-10
       2.704000	 2.655E-04	 2.269E-05	-8.714E-10
       2.706000	 2.601E-04	 2.151E-05	-8.346E-10
       2.708000	 2.548E-04	 2.039E-05	-7.991E-10
       2.710000	 2.496E-04	 1.932E-05	-7.648E-10
       2.712000	 2.445E-04	 1.831E-05	-7.318E-10
       2.714000	 2.394E-04	 1.734E-05	-7.000E-10
       2.716000	 2.344E-04	 1.644E-05	-6.694E-10
       2.718000	 2.294E-04	 1.559E-05	-6.399E-10
       2.720000	 2.245E-04	 1.479E-05	-6.114E-10
       2.722000	 2.197E-04	 1.405E-05	-5.840E-10
       2.724000	 2.149E-04	 1.336E-05	-5.577E-10
       2.726000	 2.102E-04	 1.273E-05	-5.323E-10
       2.728000	 2.056E-04	 1.216E-05	-5.079E-10
       2.730000	 2.010E-04	 1.164E-05	-4.844E-10
       2.732000	 1.964E-04	 1.119E-05	-4.618E-10
       2.734000	 1.920E-04	 1.078E-05	-4.401E-10
       2.736000	 1.876E-04	 1.044E-05	-4.193E-10
       2.738000	 1.832E-04	 1.015E-05	-3.992E-10
       2.740000	 1.790E-04	 9.922E-06	-3.800E-10
       2.742000	 1.747E-04	 9.750E-06	-3.615E-10
       2.744000	 1.706E-04	 9.636E-06	-3.438E-10
       2.746000	 1.665E-04	 9.579E-06	-3.268E-10
       2.748000	 1.625E-04	 9.580E-06	-3.105E-10
       2.750000	 1.585E-04	 9.639E-06	-2.949E-10
       2.752000	 1.546E-04	 9.756E-06	-2.800E-10
       2.754000	 1.507E-04	 9.931E-06	-2.657E-10
       2.756000	 1.469E-04	 1.016E-05	-2.520E-10
       2.758000	 1.432E-04	 1.045E-05	-2.389E-10
       2.760000	 1.395E-04	 1.080E-05	-2.264E-10
       2.762000	 1.359E-04	 1.120E-05	-2.145E-10
       2.764000	 1.324E-04	 1.167E-05	-2.032E-10
       2.766000	 1.289E-04	 1.219E-05	-1.923E-10
       2.768000	 1.255E-04	 1.276E-05	-1.821E-10
       2.770000	 1.221E-04	 1.339E-05	-1.723E-10
       2.772000	 1.188E-04	 1.408E-05	-1.630E-10
       2.774000	 1.156E-04	 1.483E-05	-1.542E-10
       2.776000	 1.124E-04	 1.563E-05	-1.458E-10
       2.778000	 1.093E-04	 1.649E-05	-1.380E-10
       2.780000	 1.063E-04	 1.740E-05	-1.305E-10
       2.782000	 1.033E-04	 1.837E-05	-1.235E-10
       2.784000	 1.004E-04	 1.939E-05	-1.170E-10
       2.786000	 9.759E-05	 2.047E-05	-1.108E-10
       2.788000	 9.483E-05	 2.160E-05	-1.051E-10
       2.790000	 9.213E-05	 2.279E-05	-9.977E-11
       2.792000	 8.950E-05	 2.403E-05	-9.481E-11
       2.794000	 8.694E-05	 2.532E-05	-9.025E-11
       2.796000	 8.444E-05	 2.667E-05	-8.604E-11
       2.798000	 8.202E-05	 2.807E-05	-8.220E-11
       2.800000	 7.968E-05	 2.952E-05	-7.871E-11
       2.802000	 7.740E-05	 3.103E-05	-7.557E-11
       2.804000	 7.519E-05	 3.259E-05	-7.277E-11
       2.806000	 7.306E-05	 3.420E-05	-7.030E-11
       2.808000	 7.101E-05	 3.586E-05	-6.816E-11
       2.810000	 6.902E-05	 3.758E-05	-6.635E-11
       2.812000	 6.711E-05	 3.934E-05	-6.485E-11
       2.814000	 6.528E-05	 4.116E-05	-6.367E-11
       2.816000	 6.353E-05	 4.302E-05	-6.280E-11
       2.818000	 6.185E-05	 4.494E-05	-6.224E-11
       2.820000	 6.024E-05	 4.691E-05	-6.198E-11
       2.822000	 5.872E-05	 4.893E-05	-6.202E-11
       2.824000	 5.727E-05	 5.099E-05	-6.237E-11
       2.826000	 5.590E-05	 5.311E-05	-6.303E-11
       2.828000	 5.461E-05	 5.527E-05	-6.397E-11
       2.830000	 5.340E-05	 5.749E-05	-6.521E-11
       2.832000	 5.227E-05	 5.975E-05	-6.675E-11
       2.834000	 5.122E-05	 6.206E-05	-6.858E-11
       2.836000	 5.025E-05	 6.441E-05	-7.072E-11
       2.838000	 4.936E-05	 6.682E-05	-7.316E-11
       2.840000	 4.855E-05	 6.927E-05	-7.589E-11
       2.842000	 4.782E-05	 7.176E-05	-7.894E-11
       2.844000	 4.718E-05	 7.431E-05	-8.230E-11
       2.846000	 4.661E-05	 7.690E-05	-8.596E-11
       2.848000	 4.612E-05	 7.953E-05	-8.995E-11
       2.850000	 4.572E-05	 8.221E-05	-9.427E-11
       2.852000	 4.539E-05	 8.493E-05	-9.891E-11
       2.854000	 4.515E-05	 8.770E-05	-1.039E-10
       2.856000	 4.499E-05	 9.051E-05	-1.092E-10
       2.858000	 4.490E-05	 9.337E-05	-1.149E-10
       2.860000	 4.490E-05	 9.627E-05	-1.210E-10
       2.862000	 4.497E-05	 9.921E-05	-1.274E-10
       2.864000	 4.513E-05	 1.022E-04	-1.342E-10
       2.866000	 4.536E-05	 1.052E-04	-1.414E-10
       2.868000	 4.567E-05	 1.083E-04	-1.489E-10
       2.870000	 4.606E-05	 1.114E-04	-1.569E-10
       2.872000	 4.653E-05	 1.145E-04	-1.653E-10
       2.874000	 4.707E-05	 1.177E-04	-1.742E-10
       2.876000	 4.769E-05	 1.209E-04	-1.834E-10
       2.878000	 4.838E-05	 1.242E-04	-1.931E-10
       2.880000	 4.915E-05	 1.275E-04	-2.033E-10
       2.882000	 4.999E-05	 1.308E-04	-2.140E-10
       2.884000	 5.090E-05	 1.342E-04	-2.251E-10
       2.886000	 5.189E-05	 1.376E-04	-2.368E-10
       2.888000	 5.295E-05	 1.410E-04	-2.489E-10
       2.890000	 5.407E-05	 1.445E-04	-2.616E-10
       2.892000	 5.527E-05	 1.480E-04	-2.748E-10
       2.894000	 5.654E-05	 1.515E-04	-2.885E-10
       2.896000	 5.787E-05	 1.551E-04	-3.028E-10
       2.898000	 5.927E-05	 1.587E-04	-3.176E-10
       2.900000	 6.074E-05	 1.623E-04	-3.331E-10
       2.902000	 6.227E-05	 1.660E-04	-3.491E-10
       2.904000	 6.386E-05	 1.697E-04	-3.657E-10
       2.906000	 6.552E-05	 1.734E-04	-3.829E-10
       2.908000	 6.724E-05	 1.772E-04	-4.008E-10
       2.910000	 6.902E-05	 1.809E-04	-4.192E-10
       2.912000	 7.086E-05	 1.847E-04	-4.384E-10
       2.914000	 7.276E-05	 1.886E-04	-4.581E-10
       2.916000	 7.471E-05	 1.924E-04	-4.785E-10
       2.918000	 7.673E-05	 1.963E-04	-4.996E-10
       2.920000	 7.880E-05	 2.002E-04	-5.213E-10
       2.922000	 8.092E-05	 2.041E-04	-5.438E-10
       2.924000	 8.310E-05	 2.081E-04	-5.669E-10
       2.926000	 8.533E-05	 2.120E-04	-5.907E-10
       2.928000	 8.762E-05	 2.160E-04	-6.153E-10
       2.930000	 8.995E-05	 2.200E-04	-6.405E-10
       2.932000	 9.234E-05	 2.241E-04	-6.665E-10
       2.934000	 9.478E-05	 2.281E-04	-6.932E-10
       2.936000	 9.726E-05	 2.322E-04	-7.206E-10
       2.938000	 9.980E-05	 2.363E-04	-7.488E-10
       2.940000	 1.024E-04	 2.404E-04	-7.777E-10
       2.942000	 1.050E-04	 2.445E-04	-8.074E-10
       2.944000	 1.077E-04	 2.486E-04	-8.379E-10
       2.946000	 1.104E-04	 2.528E-04	-8.691E-10
       2.948000	 1.132E-04	 2.569E-04	-9.011E-10
       2.950000	 1.160E-04	 2.611E-04	-9.338E-10
       2.952000	 1.188E-04	 2.653E-04	-9.674E-10
       2.954000	 1.217E-04	 2.695E-04	-1.002E-09
       2.956000	 1.247E-04	 2.737E-04	-1.037E-09
       2.958000	 1.277E-04	 2.780E-04	-1.073E-09
       2.960000	 1.307E-04	 2.822E-04	-1.110E-09
       2.962000	 1.338E-04	 2.864E-04	-1.147E-09
       2.964000	 1.369E-04	 2.907E-04	-1.186E-09
       2.966000	 1.401E-04	 2.950E-04	-1.225E-09
       2.968000	 1.433E-04	 2.992E-04	-1.265E-09
       2.970000	 1.465E-04	 3.035E-04	-1.306E-09
       2.972000	 1.498E-04	 3.078E-04	-1.347E-09
       2.974000	 1.531E-04	 3.121E-04	-1.390E-09
       2.976000	 1.565E-04	 3.163E-04	-1.433E-09
       2.978000	 1.599E-04	 3.206E-04	-1.478E-09
       2.980000	 1.634E-04	 3.249E-04	-1.523E-09
       2.982000	 1.669E-04	 3.292E-04	-1.569E-09
       2.984000	 1.704E-04	 3.335E-04	-1.616E-09
       2.986000	 1.740E-04	 3.378E-04	-1.664E-09
       2.988000	 1.776E-04	 3.421E-04	-1.712E-09
       2.990000	 1.813E-04	 3.463E-04	-1.762E-09
       2.992000	 1.850E-04	 3.506E-04	-1.813E-09
       2.994000	 1.888E-04	 3.549E-04	-1.864E-09
       2.996000	 1.926E-04	 3.592E-04	-1.917E-09
       2.998000	 1.964E-04	 3.634E-04	-1.970E-09
       3.000000	 2.003E-04	 3.677E-04	-2.024E-09
       3.002000	 2.042E-04	 3.719E-04	-2.079E-09
